[T 15:29:04 67304] CodeQL CLI version 2.17.5
[T 15:29:04 67304] Initializing tracer.
[T 15:29:04 67304] Initializing tags.
[T 15:29:04 67304] ID set to 00000000000106E8_0000000000000001 (parent root)
[T 15:29:04 67304] Initializing tracer.
[T 15:29:04 67304] Initializing tags.
[T 15:29:04 67304] ID set to 00000000000106E8_0000000000000002 (parent root)
[T 15:29:04 67304] Warning: SEMMLE_EXEC and SEMMLE_EXECP not set. Falling back to path lookup on argv[0].
[T 15:29:04 67304] ==== Candidate to intercept: /home/vegas/codeql-bundle-linux64/codeql/tools/linux64/runner-linux (canonical: /home/vegas/codeql-bundle-linux64/codeql/tools/linux64/runner-linux) ====
[T 15:29:04 67304] Executing the following tracer actions:
[T 15:29:04 67304] Tracer actions:
[T 15:29:04 67304] pre_invocations(0)
[T 15:29:04 67304] post_invocations(0)
[T 15:29:04 67304] trace_languages(1): [cpp]
[T 15:29:04 67304] Initializing tracer.
[T 15:29:04 67304] Initializing tags.
[T 15:29:04 67304] ID set to 00000000000106E8_0000000000000003 (parent 00000000000106E8_0000000000000002)
[T 15:29:04 67304] ==== Candidate to intercept: make (canonical: /usr/bin/make) ====
[T 15:29:04 67304] Executing the following tracer actions:
[T 15:29:04 67304] Tracer actions:
[T 15:29:04 67304] pre_invocations(0)
[T 15:29:04 67304] post_invocations(0)
[T 15:29:04 67304] trace_languages(1): [cpp]
[T 15:29:04 67307] Initializing tracer.
[T 15:29:04 67307] Initializing tags.
[T 15:29:04 67307] ID set to 00000000000106EB_0000000000000001 (parent 00000000000106E8_0000000000000003)
[T 15:29:04 67307] ==== Candidate to intercept: g++ (canonical: /usr/bin/g++) ====
[T 15:29:04 67307] Lua: === Intercepted call to /usr/bin/g++ ===
[T 15:29:04 67307] Executing the following tracer actions:
[T 15:29:04 67307] Tracer actions:
[T 15:29:04 67307] pre_invocations(0)
[T 15:29:04 67307] post_invocations(1)
[T 15:29:04 67307] invocation: /home/vegas/codeql-bundle-linux64/codeql/cpp/tools/linux64/extractor, args: [--mimic, /usr/bin/g++, -o, main, main.cpp]
[T 15:29:04 67307] trace_languages(1): [cpp]
[T 15:29:04 67309] Initializing tracer.
[T 15:29:04 67309] Initializing tags.
[T 15:29:04 67309] ID set to 00000000000106ED_0000000000000001 (parent 00000000000106EB_0000000000000001)
[T 15:29:04 67309] ==== Candidate to intercept: /usr/lib/gcc/x86_64-linux-gnu/9/cc1plus (canonical: /usr/lib/gcc/x86_64-linux-gnu/9/cc1plus) ====
[T 15:29:04 67309] Lua: === Intercepted call to /usr/lib/gcc/x86_64-linux-gnu/9/cc1plus ===
[T 15:29:04 67309] Executing the following tracer actions:
[T 15:29:04 67309] Tracer actions:
[T 15:29:04 67309] pre_invocations(0)
[T 15:29:04 67309] post_invocations(1)
[T 15:29:04 67309] invocation: /home/vegas/codeql-bundle-linux64/codeql/cpp/tools/linux64/extractor, args: [--mimic, /usr/lib/gcc/x86_64-linux-gnu/9/cc1plus, -quiet, -imultiarch, x86_64-linux-gnu, -D_GNU_SOURCE, main.cpp, -quiet, -dumpbase, main.cpp, -mtune=generic, -march=x86-64, -auxbase, main, -fasynchronous-unwind-tables, -fstack-protector-strong, -Wformat, -Wformat-security, -fstack-clash-protection, -fcf-protection, -o, /tmp/ccJ7CfLI.s]
[T 15:29:04 67309] trace_languages(1): [cpp]
[T 15:29:04 67312] Attempting to switch stdout/stderr to 4...
[T 15:29:04 67312] Initializing tracer.
[T 15:29:04 67312] Initializing tags.
[T 15:29:04 67312] ID set to 00000000000106F0_0000000000000001 (parent 00000000000106ED_0000000000000001)
[E 17:29:04 67312] CodeQL C/C++ Extractor 2.17.5
[E 17:29:04 67312] Current directory: /home/vegas/SAST
[E 17:29:04 67312] Command: /home/vegas/codeql-bundle-linux64/codeql/cpp/tools/linux64/extractor --mimic /usr/lib/gcc/x86_64-linux-gnu/9/cc1plus -quiet -imultiarch x86_64-linux-gnu -D_GNU_SOURCE main.cpp -quiet -dumpbase main.cpp -mtune=generic -march=x86-64 -auxbase main -fasynchronous-unwind-tables -fstack-protector-strong -Wformat -Wformat-security -fstack-clash-protection -fcf-protection -o /tmp/ccJ7CfLI.s
Warning: Could not open file '/home/vegas/SAST/cpp-database/working/compiler_mimic_cache/96d2d2defcf1'
Warning: Could not open file '/home/vegas/SAST/cpp-database/working/compiler_mimic_cache/5aae324cc7cf'
[T 15:29:04 67313] Initializing tracer.
[T 15:29:04 67313] Initializing tags.
[T 15:29:04 67313] ID set to 00000000000106F1_0000000000000001 (parent 00000000000106F0_0000000000000001)
[T 15:29:04 67313] ==== Candidate to intercept: /usr/lib/gcc/x86_64-linux-gnu/9/cc1plus (canonical: /usr/lib/gcc/x86_64-linux-gnu/9/cc1plus) ====
[T 15:29:04 67313] Lua: === Intercepted call to /usr/lib/gcc/x86_64-linux-gnu/9/cc1plus ===
[T 15:29:04 67313] Executing the following tracer actions:
[T 15:29:04 67313] Tracer actions:
[T 15:29:04 67313] pre_invocations(0)
[T 15:29:04 67313] post_invocations(1)
[T 15:29:04 67313] invocation: /home/vegas/codeql-bundle-linux64/codeql/cpp/tools/linux64/extractor, args: [--mimic, /usr/lib/gcc/x86_64-linux-gnu/9/cc1plus, --version]
[T 15:29:04 67313] trace_languages(1): [cpp]
[T 15:29:04 67315] Attempting to switch stdout/stderr to 7...
[T 15:29:04 67315] Initializing tracer.
[T 15:29:04 67315] Initializing tags.
[T 15:29:04 67315] ID set to 00000000000106F3_0000000000000001 (parent 00000000000106F1_0000000000000001)
[E 17:29:04 67315] Mimicry classification suppression detected; exiting.
[E 17:29:04 67315] Extractor exited successfully
[T 15:29:04 67313] Extractor /home/vegas/codeql-bundle-linux64/codeql/cpp/tools/linux64/extractor terminated with exit code 0.
[T 15:29:04 67316] Initializing tracer.
[T 15:29:04 67316] Initializing tags.
[T 15:29:04 67316] ID set to 00000000000106F4_0000000000000001 (parent 00000000000106F0_0000000000000001)
[T 15:29:04 67316] ==== Candidate to intercept: /usr/lib/gcc/x86_64-linux-gnu/9/cc1plus (canonical: /usr/lib/gcc/x86_64-linux-gnu/9/cc1plus) ====
[T 15:29:04 67316] Lua: === Intercepted call to /usr/lib/gcc/x86_64-linux-gnu/9/cc1plus ===
[T 15:29:04 67316] Executing the following tracer actions:
[T 15:29:04 67316] Tracer actions:
[T 15:29:04 67316] pre_invocations(0)
[T 15:29:04 67316] post_invocations(1)
[T 15:29:04 67316] invocation: /home/vegas/codeql-bundle-linux64/codeql/cpp/tools/linux64/extractor, args: [--mimic, /usr/lib/gcc/x86_64-linux-gnu/9/cc1plus, --help]
[T 15:29:04 67316] trace_languages(1): [cpp]
[T 15:29:04 67318] Attempting to switch stdout/stderr to 7...
[T 15:29:04 67318] Initializing tracer.
[T 15:29:04 67318] Initializing tags.
[T 15:29:04 67318] ID set to 00000000000106F6_0000000000000001 (parent 00000000000106F4_0000000000000001)
[E 17:29:04 67318] Mimicry classification suppression detected; exiting.
[E 17:29:04 67318] Extractor exited successfully
[T 15:29:04 67316] Extractor /home/vegas/codeql-bundle-linux64/codeql/cpp/tools/linux64/extractor terminated with exit code 0.
[T 15:29:04 67319] Initializing tracer.
[T 15:29:04 67319] Initializing tags.
[T 15:29:04 67319] ID set to 00000000000106F7_0000000000000001 (parent 00000000000106F0_0000000000000001)
[T 15:29:04 67319] ==== Candidate to intercept: /usr/lib/gcc/x86_64-linux-gnu/9/cc1plus (canonical: /usr/lib/gcc/x86_64-linux-gnu/9/cc1plus) ====
[T 15:29:04 67319] Lua: === Intercepted call to /usr/lib/gcc/x86_64-linux-gnu/9/cc1plus ===
[T 15:29:04 67319] Executing the following tracer actions:
[T 15:29:04 67319] Tracer actions:
[T 15:29:04 67319] pre_invocations(0)
[T 15:29:04 67319] post_invocations(1)
[T 15:29:04 67319] invocation: /home/vegas/codeql-bundle-linux64/codeql/cpp/tools/linux64/extractor, args: [--mimic, /usr/lib/gcc/x86_64-linux-gnu/9/cc1plus, -version, --help]
[T 15:29:04 67319] trace_languages(1): [cpp]
[T 15:29:04 67321] Attempting to switch stdout/stderr to 7...
[T 15:29:04 67321] Initializing tracer.
[T 15:29:04 67321] Initializing tags.
[T 15:29:04 67321] ID set to 00000000000106F9_0000000000000001 (parent 00000000000106F7_0000000000000001)
[E 17:29:04 67321] Mimicry classification suppression detected; exiting.
[E 17:29:04 67321] Extractor exited successfully
[T 15:29:04 67319] Extractor /home/vegas/codeql-bundle-linux64/codeql/cpp/tools/linux64/extractor terminated with exit code 0.
[T 15:29:04 67322] Initializing tracer.
[T 15:29:04 67322] Initializing tags.
[T 15:29:04 67322] ID set to 00000000000106FA_0000000000000001 (parent 00000000000106F0_0000000000000001)
[T 15:29:04 67322] ==== Candidate to intercept: /usr/lib/gcc/x86_64-linux-gnu/9/cc1plus (canonical: /usr/lib/gcc/x86_64-linux-gnu/9/cc1plus) ====
[T 15:29:04 67322] Lua: === Intercepted call to /usr/lib/gcc/x86_64-linux-gnu/9/cc1plus ===
[T 15:29:04 67322] Executing the following tracer actions:
[T 15:29:04 67322] Tracer actions:
[T 15:29:04 67322] pre_invocations(0)
[T 15:29:04 67322] post_invocations(1)
[T 15:29:04 67322] invocation: /home/vegas/codeql-bundle-linux64/codeql/cpp/tools/linux64/extractor, args: [--mimic, /usr/lib/gcc/x86_64-linux-gnu/9/cc1plus, -nostdinc, -o, /home/vegas/SAST/cpp-database/working/tmp//semmle_2_67312_816423.o, /home/vegas/SAST/cpp-database/working/tmp//semmle_1_67312_816416.c]
[T 15:29:04 67322] trace_languages(1): [cpp]
[T 15:29:04 67324] Attempting to switch stdout/stderr to 7...
[T 15:29:04 67324] Initializing tracer.
[T 15:29:04 67324] Initializing tags.
[T 15:29:04 67324] ID set to 00000000000106FC_0000000000000001 (parent 00000000000106FA_0000000000000001)
[E 17:29:04 67324] Mimicry classification suppression detected; exiting.
[E 17:29:04 67324] Extractor exited successfully
[T 15:29:04 67322] Extractor /home/vegas/codeql-bundle-linux64/codeql/cpp/tools/linux64/extractor terminated with exit code 0.
[T 15:29:04 67325] Initializing tracer.
[T 15:29:04 67325] Initializing tags.
[T 15:29:04 67325] ID set to 00000000000106FD_0000000000000001 (parent 00000000000106F0_0000000000000001)
[T 15:29:04 67325] ==== Candidate to intercept: /usr/lib/gcc/x86_64-linux-gnu/9/cc1plus (canonical: /usr/lib/gcc/x86_64-linux-gnu/9/cc1plus) ====
[T 15:29:04 67325] Lua: === Intercepted call to /usr/lib/gcc/x86_64-linux-gnu/9/cc1plus ===
[T 15:29:04 67325] Executing the following tracer actions:
[T 15:29:04 67325] Tracer actions:
[T 15:29:04 67325] pre_invocations(0)
[T 15:29:04 67325] post_invocations(1)
[T 15:29:04 67325] invocation: /home/vegas/codeql-bundle-linux64/codeql/cpp/tools/linux64/extractor, args: [--mimic, /usr/lib/gcc/x86_64-linux-gnu/9/cc1plus, -nostdinc, -o, /home/vegas/SAST/cpp-database/working/tmp//semmle_4_67312_825721.o, /home/vegas/SAST/cpp-database/working/tmp//semmle_3_67312_825712.c]
[T 15:29:04 67325] trace_languages(1): [cpp]
[T 15:29:04 67327] Attempting to switch stdout/stderr to 7...
[T 15:29:04 67327] Initializing tracer.
[T 15:29:04 67327] Initializing tags.
[T 15:29:04 67327] ID set to 00000000000106FF_0000000000000001 (parent 00000000000106FD_0000000000000001)
[E 17:29:04 67327] Mimicry classification suppression detected; exiting.
[E 17:29:04 67327] Extractor exited successfully
[T 15:29:04 67325] Extractor /home/vegas/codeql-bundle-linux64/codeql/cpp/tools/linux64/extractor terminated with exit code 0.
[E 17:29:04 67312] Checking whether C compilation already happened.
[E 17:29:04 67312] Checking for tag c-compilation-happened
[E 17:29:04 67312] Checking CODEQL_TRACER_DB_ID 00000000000106ED_0000000000000001
[E 17:29:04 67312] Locking DB /home/vegas/SAST/cpp-database/working/tags.db
[E 17:29:04 67312] Locked DB /home/vegas/SAST/cpp-database/working/tags.db
[E 17:29:04 67312] Unlocking DB
[E 17:29:04 67312] Unlocked DB
[E 17:29:04 67312] Looks like C compilation didn't already happen.
[E 17:29:04 67312] Checking whether C compilation has been attempted.
[E 17:29:04 67312] Checking for tag c-compilation-attempted
[E 17:29:04 67312] Checking CODEQL_TRACER_DB_ID 00000000000106ED_0000000000000001
[E 17:29:04 67312] Locking DB /home/vegas/SAST/cpp-database/working/tags.db
[E 17:29:04 67312] Locked DB /home/vegas/SAST/cpp-database/working/tags.db
[E 17:29:04 67312] Unlocking DB
[E 17:29:04 67312] Unlocked DB
[E 17:29:04 67312] Marking C compilation as attempted.
[E 17:29:04 67312] Setting tag c-compilation-attempted
[E 17:29:04 67312] Starting from CODEQL_TRACER_DB_ID 00000000000106ED_0000000000000001
[E 17:29:04 67312] Locking DB /home/vegas/SAST/cpp-database/working/tags.db
[E 17:29:04 67312] Locked DB /home/vegas/SAST/cpp-database/working/tags.db
[E 17:29:04 67312] Set tag for 00000000000106ED_0000000000000001
[E 17:29:04 67312] Set tag for 00000000000106EB_0000000000000001
[E 17:29:04 67312] Set tag for 00000000000106E8_0000000000000003
[E 17:29:04 67312] Set tag for 00000000000106E8_0000000000000002
[E 17:29:04 67312] Set tag for root
[E 17:29:04 67312] Unlocking DB
[E 17:29:04 67312] Unlocked DB
Warning: Could not open file '/home/vegas/SAST/cpp-database/working/compiler_mimic_cache/9b06f476c663'
[T 15:29:04 67328] Initializing tracer.
[T 15:29:04 67328] Initializing tags.
[T 15:29:04 67328] ID set to 0000000000010700_0000000000000001 (parent 00000000000106F0_0000000000000001)
[T 15:29:04 67328] ==== Candidate to intercept: /usr/lib/gcc/x86_64-linux-gnu/9/cc1plus (canonical: /usr/lib/gcc/x86_64-linux-gnu/9/cc1plus) ====
[T 15:29:04 67328] Lua: === Intercepted call to /usr/lib/gcc/x86_64-linux-gnu/9/cc1plus ===
[T 15:29:04 67328] Executing the following tracer actions:
[T 15:29:04 67328] Tracer actions:
[T 15:29:04 67328] pre_invocations(0)
[T 15:29:04 67328] post_invocations(1)
[T 15:29:04 67328] invocation: /home/vegas/codeql-bundle-linux64/codeql/cpp/tools/linux64/extractor, args: [--mimic, /usr/lib/gcc/x86_64-linux-gnu/9/cc1plus, -imultiarch, x86_64-linux-gnu, -mtune=generic, -march=x86-64, -fasynchronous-unwind-tables, -fstack-protector-strong, -fstack-clash-protection, -fcf-protection, -v, -fsyntax-only, /home/vegas/SAST/cpp-database/working/tmp//semmle_6_67312_833340]
[T 15:29:04 67328] trace_languages(1): [cpp]
[T 15:29:04 67330] Attempting to switch stdout/stderr to 7...
[T 15:29:04 67330] Initializing tracer.
[T 15:29:04 67330] Initializing tags.
[T 15:29:04 67330] ID set to 0000000000010702_0000000000000001 (parent 0000000000010700_0000000000000001)
[E 17:29:04 67330] Mimicry classification suppression detected; exiting.
[E 17:29:04 67330] Extractor exited successfully
[T 15:29:04 67328] Extractor /home/vegas/codeql-bundle-linux64/codeql/cpp/tools/linux64/extractor terminated with exit code 0.
[T 15:29:04 67331] Initializing tracer.
[T 15:29:04 67331] Initializing tags.
[T 15:29:04 67331] ID set to 0000000000010703_0000000000000001 (parent 00000000000106F0_0000000000000001)
[T 15:29:04 67331] ==== Candidate to intercept: /usr/lib/gcc/x86_64-linux-gnu/9/cc1plus (canonical: /usr/lib/gcc/x86_64-linux-gnu/9/cc1plus) ====
[T 15:29:04 67331] Lua: === Intercepted call to /usr/lib/gcc/x86_64-linux-gnu/9/cc1plus ===
[T 15:29:04 67331] Executing the following tracer actions:
[T 15:29:04 67331] Tracer actions:
[T 15:29:04 67331] pre_invocations(0)
[T 15:29:04 67331] post_invocations(1)
[T 15:29:04 67331] invocation: /home/vegas/codeql-bundle-linux64/codeql/cpp/tools/linux64/extractor, args: [--mimic, /usr/lib/gcc/x86_64-linux-gnu/9/cc1plus, -imultiarch, x86_64-linux-gnu, -mtune=generic, -march=x86-64, -fasynchronous-unwind-tables, -fstack-protector-strong, -fstack-clash-protection, -fcf-protection, -E, -dM, /home/vegas/SAST/cpp-database/working/tmp//semmle_7_67312_840149]
[T 15:29:04 67331] trace_languages(1): [cpp]
[T 15:29:04 67333] Attempting to switch stdout/stderr to 7...
[T 15:29:04 67333] Initializing tracer.
[T 15:29:04 67333] Initializing tags.
[T 15:29:04 67333] ID set to 0000000000010705_0000000000000001 (parent 0000000000010703_0000000000000001)
[E 17:29:04 67333] Mimicry classification suppression detected; exiting.
[E 17:29:04 67333] Extractor exited successfully
[T 15:29:04 67331] Extractor /home/vegas/codeql-bundle-linux64/codeql/cpp/tools/linux64/extractor terminated with exit code 0.
[T 15:29:04 67334] Initializing tracer.
[T 15:29:04 67334] Initializing tags.
[T 15:29:04 67334] ID set to 0000000000010706_0000000000000001 (parent 00000000000106F0_0000000000000001)
[T 15:29:04 67334] ==== Candidate to intercept: /usr/lib/gcc/x86_64-linux-gnu/9/cc1plus (canonical: /usr/lib/gcc/x86_64-linux-gnu/9/cc1plus) ====
[T 15:29:04 67334] Lua: === Intercepted call to /usr/lib/gcc/x86_64-linux-gnu/9/cc1plus ===
[T 15:29:04 67334] Executing the following tracer actions:
[T 15:29:04 67334] Tracer actions:
[T 15:29:04 67334] pre_invocations(0)
[T 15:29:04 67334] post_invocations(1)
[T 15:29:04 67334] invocation: /home/vegas/codeql-bundle-linux64/codeql/cpp/tools/linux64/extractor, args: [--mimic, /usr/lib/gcc/x86_64-linux-gnu/9/cc1plus, -imultiarch, x86_64-linux-gnu, -mtune=generic, -march=x86-64, -fasynchronous-unwind-tables, -fstack-protector-strong, -fstack-clash-protection, -fcf-protection, -o, /home/vegas/SAST/cpp-database/working/tmp//semmle_9_67312_845126.o, /home/vegas/SAST/cpp-database/working/tmp//semmle_8_67312_845119.c]
[T 15:29:04 67334] trace_languages(1): [cpp]
[T 15:29:04 67336] Attempting to switch stdout/stderr to 7...
[T 15:29:04 67336] Initializing tracer.
[T 15:29:04 67336] Initializing tags.
[T 15:29:04 67336] ID set to 0000000000010708_0000000000000001 (parent 0000000000010706_0000000000000001)
[E 17:29:04 67336] Mimicry classification suppression detected; exiting.
[E 17:29:04 67336] Extractor exited successfully
[T 15:29:04 67334] Extractor /home/vegas/codeql-bundle-linux64/codeql/cpp/tools/linux64/extractor terminated with exit code 0.
[T 15:29:04 67337] Initializing tracer.
[T 15:29:04 67337] Initializing tags.
[T 15:29:04 67337] ID set to 0000000000010709_0000000000000001 (parent 00000000000106F0_0000000000000001)
[T 15:29:04 67337] ==== Candidate to intercept: /usr/lib/gcc/x86_64-linux-gnu/9/cc1plus (canonical: /usr/lib/gcc/x86_64-linux-gnu/9/cc1plus) ====
[T 15:29:04 67337] Lua: === Intercepted call to /usr/lib/gcc/x86_64-linux-gnu/9/cc1plus ===
[T 15:29:04 67337] Executing the following tracer actions:
[T 15:29:04 67337] Tracer actions:
[T 15:29:04 67337] pre_invocations(0)
[T 15:29:04 67337] post_invocations(1)
[T 15:29:04 67337] invocation: /home/vegas/codeql-bundle-linux64/codeql/cpp/tools/linux64/extractor, args: [--mimic, /usr/lib/gcc/x86_64-linux-gnu/9/cc1plus, -imultiarch, x86_64-linux-gnu, -mtune=generic, -march=x86-64, -fasynchronous-unwind-tables, -fstack-protector-strong, -fstack-clash-protection, -fcf-protection, -o, /home/vegas/SAST/cpp-database/working/tmp//semmle_11_67312_851637.o, /home/vegas/SAST/cpp-database/working/tmp//semmle_10_67312_851628.c]
[T 15:29:04 67337] trace_languages(1): [cpp]
[T 15:29:04 67339] Attempting to switch stdout/stderr to 7...
[T 15:29:04 67339] Initializing tracer.
[T 15:29:04 67339] Initializing tags.
[T 15:29:04 67339] ID set to 000000000001070B_0000000000000001 (parent 0000000000010709_0000000000000001)
[E 17:29:04 67339] Mimicry classification suppression detected; exiting.
[E 17:29:04 67339] Extractor exited successfully
[T 15:29:04 67337] Extractor /home/vegas/codeql-bundle-linux64/codeql/cpp/tools/linux64/extractor terminated with exit code 0.
[T 15:29:04 67340] Initializing tracer.
[T 15:29:04 67340] Initializing tags.
[T 15:29:04 67340] ID set to 000000000001070C_0000000000000001 (parent 00000000000106F0_0000000000000001)
[T 15:29:04 67340] ==== Candidate to intercept: /usr/lib/gcc/x86_64-linux-gnu/9/cc1plus (canonical: /usr/lib/gcc/x86_64-linux-gnu/9/cc1plus) ====
[T 15:29:04 67340] Lua: === Intercepted call to /usr/lib/gcc/x86_64-linux-gnu/9/cc1plus ===
[T 15:29:04 67340] Executing the following tracer actions:
[T 15:29:04 67340] Tracer actions:
[T 15:29:04 67340] pre_invocations(0)
[T 15:29:04 67340] post_invocations(1)
[T 15:29:04 67340] invocation: /home/vegas/codeql-bundle-linux64/codeql/cpp/tools/linux64/extractor, args: [--mimic, /usr/lib/gcc/x86_64-linux-gnu/9/cc1plus, -imultiarch, x86_64-linux-gnu, -mtune=generic, -march=x86-64, -fasynchronous-unwind-tables, -fstack-protector-strong, -fstack-clash-protection, -fcf-protection, -o, /home/vegas/SAST/cpp-database/working/tmp//semmle_13_67312_858533.o, /home/vegas/SAST/cpp-database/working/tmp//semmle_12_67312_858524.c]
[T 15:29:04 67340] trace_languages(1): [cpp]
[T 15:29:04 67342] Attempting to switch stdout/stderr to 7...
[T 15:29:04 67342] Initializing tracer.
[T 15:29:04 67342] Initializing tags.
[T 15:29:04 67342] ID set to 000000000001070E_0000000000000001 (parent 000000000001070C_0000000000000001)
[E 17:29:04 67342] Mimicry classification suppression detected; exiting.
[E 17:29:04 67342] Extractor exited successfully
[T 15:29:04 67340] Extractor /home/vegas/codeql-bundle-linux64/codeql/cpp/tools/linux64/extractor terminated with exit code 0.
[T 15:29:04 67343] Initializing tracer.
[T 15:29:04 67343] Initializing tags.
[T 15:29:04 67343] ID set to 000000000001070F_0000000000000001 (parent 00000000000106F0_0000000000000001)
[T 15:29:04 67343] ==== Candidate to intercept: /usr/lib/gcc/x86_64-linux-gnu/9/cc1plus (canonical: /usr/lib/gcc/x86_64-linux-gnu/9/cc1plus) ====
[T 15:29:04 67343] Lua: === Intercepted call to /usr/lib/gcc/x86_64-linux-gnu/9/cc1plus ===
[T 15:29:04 67343] Executing the following tracer actions:
[T 15:29:04 67343] Tracer actions:
[T 15:29:04 67343] pre_invocations(0)
[T 15:29:04 67343] post_invocations(1)
[T 15:29:04 67343] invocation: /home/vegas/codeql-bundle-linux64/codeql/cpp/tools/linux64/extractor, args: [--mimic, /usr/lib/gcc/x86_64-linux-gnu/9/cc1plus, -imultiarch, x86_64-linux-gnu, -mtune=generic, -march=x86-64, -fasynchronous-unwind-tables, -fstack-protector-strong, -fstack-clash-protection, -fcf-protection, -o, /home/vegas/SAST/cpp-database/working/tmp//semmle_15_67312_867475.o, /home/vegas/SAST/cpp-database/working/tmp//semmle_14_67312_867466.c]
[T 15:29:04 67343] trace_languages(1): [cpp]
[T 15:29:04 67345] Attempting to switch stdout/stderr to 7...
[T 15:29:04 67345] Initializing tracer.
[T 15:29:04 67345] Initializing tags.
[T 15:29:04 67345] ID set to 0000000000010711_0000000000000001 (parent 000000000001070F_0000000000000001)
[E 17:29:04 67345] Mimicry classification suppression detected; exiting.
[E 17:29:04 67345] Extractor exited successfully
[T 15:29:04 67343] Extractor /home/vegas/codeql-bundle-linux64/codeql/cpp/tools/linux64/extractor terminated with exit code 0.
[T 15:29:04 67346] Initializing tracer.
[T 15:29:04 67346] Initializing tags.
[T 15:29:04 67346] ID set to 0000000000010712_0000000000000001 (parent 00000000000106F0_0000000000000001)
[T 15:29:04 67346] ==== Candidate to intercept: /usr/lib/gcc/x86_64-linux-gnu/9/cc1plus (canonical: /usr/lib/gcc/x86_64-linux-gnu/9/cc1plus) ====
[T 15:29:04 67346] Lua: === Intercepted call to /usr/lib/gcc/x86_64-linux-gnu/9/cc1plus ===
[T 15:29:04 67346] Executing the following tracer actions:
[T 15:29:04 67346] Tracer actions:
[T 15:29:04 67346] pre_invocations(0)
[T 15:29:04 67346] post_invocations(1)
[T 15:29:04 67346] invocation: /home/vegas/codeql-bundle-linux64/codeql/cpp/tools/linux64/extractor, args: [--mimic, /usr/lib/gcc/x86_64-linux-gnu/9/cc1plus, -imultiarch, x86_64-linux-gnu, -mtune=generic, -march=x86-64, -fasynchronous-unwind-tables, -fstack-protector-strong, -fstack-clash-protection, -fcf-protection, -o, /home/vegas/SAST/cpp-database/working/tmp//semmle_17_67312_874455.o, /home/vegas/SAST/cpp-database/working/tmp//semmle_16_67312_874445.c]
[T 15:29:04 67346] trace_languages(1): [cpp]
[T 15:29:04 67348] Attempting to switch stdout/stderr to 7...
[T 15:29:04 67348] Initializing tracer.
[T 15:29:04 67348] Initializing tags.
[T 15:29:04 67348] ID set to 0000000000010714_0000000000000001 (parent 0000000000010712_0000000000000001)
[E 17:29:04 67348] Mimicry classification suppression detected; exiting.
[E 17:29:04 67348] Extractor exited successfully
[T 15:29:04 67346] Extractor /home/vegas/codeql-bundle-linux64/codeql/cpp/tools/linux64/extractor terminated with exit code 0.
[T 15:29:04 67349] Initializing tracer.
[T 15:29:04 67349] Initializing tags.
[T 15:29:04 67349] ID set to 0000000000010715_0000000000000001 (parent 00000000000106F0_0000000000000001)
[T 15:29:04 67349] ==== Candidate to intercept: /usr/lib/gcc/x86_64-linux-gnu/9/cc1plus (canonical: /usr/lib/gcc/x86_64-linux-gnu/9/cc1plus) ====
[T 15:29:04 67349] Lua: === Intercepted call to /usr/lib/gcc/x86_64-linux-gnu/9/cc1plus ===
[T 15:29:04 67349] Executing the following tracer actions:
[T 15:29:04 67349] Tracer actions:
[T 15:29:04 67349] pre_invocations(0)
[T 15:29:04 67349] post_invocations(1)
[T 15:29:04 67349] invocation: /home/vegas/codeql-bundle-linux64/codeql/cpp/tools/linux64/extractor, args: [--mimic, /usr/lib/gcc/x86_64-linux-gnu/9/cc1plus, -imultiarch, x86_64-linux-gnu, -mtune=generic, -march=x86-64, -fasynchronous-unwind-tables, -fstack-protector-strong, -fstack-clash-protection, -fcf-protection, -o, /home/vegas/SAST/cpp-database/working/tmp//semmle_19_67312_883314.o, /home/vegas/SAST/cpp-database/working/tmp//semmle_18_67312_883304.c]
[T 15:29:04 67349] trace_languages(1): [cpp]
[T 15:29:04 67351] Attempting to switch stdout/stderr to 7...
[T 15:29:04 67351] Initializing tracer.
[T 15:29:04 67351] Initializing tags.
[T 15:29:04 67351] ID set to 0000000000010717_0000000000000001 (parent 0000000000010715_0000000000000001)
[E 17:29:04 67351] Mimicry classification suppression detected; exiting.
[E 17:29:04 67351] Extractor exited successfully
[T 15:29:04 67349] Extractor /home/vegas/codeql-bundle-linux64/codeql/cpp/tools/linux64/extractor terminated with exit code 0.
[E 17:29:04 67312] Processed command line: /home/vegas/codeql-bundle-linux64/codeql/cpp/tools/linux64/extractor --trapfolder /home/vegas/SAST/cpp-database/trap/cpp --src_archive /home/vegas/SAST/cpp-database/src --object_filename /tmp/ccJ7CfLI.s --no_warnings_and_discretionary_errors --error_limit 1000 --disable_system_macros --variadic_macros --incognito '--g++' --gnu_version 90400 --target linux_x86_64 -D__SSP_STRONG__=3 '-D__DBL_MIN_EXP__=(-1021)' -D__FLT32X_MAX_EXP__=1024 -D__cpp_attributes=200809 -D__UINT_LEAST16_MAX__=0xffff -D__ATOMIC_ACQUIRE=2 -D__FLT128_MAX_10_EXP__=4932 -D__FLT_MIN__=1.17549435082228750796873653722224568e-38F -D__GCC_IEC_559_COMPLEX=2 -D__cpp_aggregate_nsdmi=201304 '-D__UINT_LEAST8_TYPE__=unsigned char' -D__SIZEOF_FLOAT80__=16 '-D__INTMAX_C(c)=c ## L' -D__CHAR_BIT__=8 -D__UINT8_MAX__=0xff -D__WINT_MAX__=0xffffffffU '-D__FLT32_MIN_EXP__=(-125)' -D__cpp_static_assert=200410 -D__ORDER_LITTLE_ENDIAN__=1234 -D__SIZE_MAX__=0xffffffffffffffffUL -D__WCHAR_MAX__=0x7fffffff -D__GCC_HAVE_SYNC_COMPARE_AND_SWAP_1=1 -D__GCC_HAVE_SYNC_COMPARE_AND_SWAP_2=1 -D__GCC_HAVE_SYNC_COMPARE_AND_SWAP_4=1 '-D__DBL_DENORM_MIN__=double(4.94065645841246544176568792868221372e-324L)' -D__GCC_HAVE_SYNC_COMPARE_AND_SWAP_8=1 -D__GCC_ATOMIC_CHAR_LOCK_FREE=2 -D__GCC_IEC_559=2 -D__FLT32X_DECIMAL_DIG__=17 -D__FLT_EVAL_METHOD__=0 -D__unix__=1 -D__cpp_binary_literals=201304 -D__FLT64_DECIMAL_DIG__=17 -D__CET__=3 -D__GCC_ATOMIC_CHAR32_T_LOCK_FREE=2 -D__x86_64=1 -D__cpp_variadic_templates=200704 -D__UINT_FAST64_MAX__=0xffffffffffffffffUL -D__SIG_ATOMIC_TYPE__=int '-D__DBL_MIN_10_EXP__=(-307)' -D__FINITE_MATH_ONLY__=0 -D__cpp_variable_templates=201304 -D__FLT32_HAS_DENORM__=1 -D__UINT_FAST8_MAX__=0xff -D__cpp_rvalue_reference=200610 '-D__has_include(STR)=__has_include__(STR)' -D__DEC64_MAX_EXP__=385 '-D__INT8_C(c)=c' -D__INT_LEAST8_WIDTH__=8 -D__UINT_LEAST64_MAX__=0xffffffffffffffffUL -D__SHRT_MAX__=0x7fff '-D__LDBL_MAX__=1.18973149535723176502126385303097021e+4932L' -D__FLT64X_MAX_10_EXP__=4932 -D__UINT_LEAST8_MAX__=0xff -D__GCC_ATOMIC_BOOL_LOCK_FREE=2 -D__FLT128_DENORM_MIN__=6.47517511943802511092443895822764655e-4966F128 '-D__UINTMAX_TYPE__=long unsigned int' -D__linux=1 -D__DEC32_EPSILON__=1E-6DF -D__FLT_EVAL_METHOD_TS_18661_3__=0 -D__unix=1 -D__UINT32_MAX__=0xffffffffU -D__GXX_EXPERIMENTAL_CXX0X__=1 -D__LDBL_MAX_EXP__=16384 '-D__FLT128_MIN_EXP__=(-16381)' -D__WINT_MIN__=0U -D__linux__=1 '-D__FLT128_MIN_10_EXP__=(-4931)' -D__INT_LEAST16_WIDTH__=16 -D__SCHAR_MAX__=0x7f -D__FLT128_MANT_DIG__=113 '-D__WCHAR_MIN__=(-__WCHAR_MAX__ - 1)' '-D__INT64_C(c)=c ## L' -D__DBL_DIG__=15 -D__GCC_ATOMIC_POINTER_LOCK_FREE=2 -D__FLT64X_MANT_DIG__=64 -D__SIZEOF_INT__=4 -D__SIZEOF_POINTER__=8 -D__GCC_ATOMIC_CHAR16_T_LOCK_FREE=2 -D__USER_LABEL_PREFIX__= -D__FLT64X_EPSILON__=1.08420217248550443400745280086994171e-19F64x -D__LDBL_HAS_INFINITY__=1 -D__FLT32_DIG__=6 -D__FLT_EPSILON__=1.19209289550781250000000000000000000e-7F -D__GXX_WEAK__=1 -D__SHRT_WIDTH__=16 -D__LDBL_MIN__=3.36210314311209350626267781732175260e-4932L -D__DEC32_MAX__=9.999999E96DF -D__cpp_threadsafe_static_init=200806 -D__FLT64X_DENORM_MIN__=3.64519953188247460252840593361941982e-4951F64x -D__FLT32X_HAS_INFINITY__=1 -D__INT32_MAX__=0x7fffffff -D__INT_WIDTH__=32 -D__SIZEOF_LONG__=8 -D__STDC_IEC_559__=1 -D__STDC_ISO_10646__=201706L '-D__UINT16_C(c)=c' -D__PTRDIFF_WIDTH__=64 -D__DECIMAL_DIG__=21 -D__FLT64_EPSILON__=2.22044604925031308084726333618164062e-16F64 -D__gnu_linux__=1 -D__INTMAX_WIDTH__=64 '-D__FLT64_MIN_EXP__=(-1021)' '-D__has_include_next(STR)=__has_include_next__(STR)' '-D__FLT64X_MIN_10_EXP__=(-4931)' -D__LDBL_HAS_QUIET_NAN__=1 -D__FLT64_MANT_DIG__=53 -D__GXX_RTTI=1 -D__pie__=2 -D__MMX__=1 -D__cpp_delegating_constructors=200604 -D__FLT_HAS_DENORM__=1 -D__SIZEOF_LONG_DOUBLE__=16 -D__BIGGEST_ALIGNMENT__=16 -D__STDC_UTF_16__=1 -D__FLT64_MAX_10_EXP__=308 -D__FLT32_HAS_INFINITY__=1 '-D__DBL_MAX__=double(1.79769313486231570814527423731704357e+308L)' -D__cpp_raw_strings=200710 -D__INT_FAST32_MAX__=0x7fffffffffffffffL -D__DBL_HAS_INFINITY__=1 -D__HAVE_SPECULATION_SAFE_VALUE=1 '-D__DEC32_MIN_EXP__=(-94)' -D__INTPTR_WIDTH__=64 -D__FLT32X_HAS_DENORM__=1 '-D__INT_FAST16_TYPE__=long int' -D__LDBL_HAS_DENORM__=1 -D__cpp_ref_qualifiers=200710 -D__DEC128_MAX__=9.999999999999999999999999999999999E6144DL -D__INT_LEAST32_MAX__=0x7fffffff -D__DEC32_MIN__=1E-95DF -D__DEPRECATED=1 -D__cpp_rvalue_references=200610 -D__DBL_MAX_EXP__=1024 -D__WCHAR_WIDTH__=32 '-D__FLT32_MAX__=3.40282346638528859811704183484516925e+38F32' -D__DEC128_EPSILON__=1E-33DL -D__SSE2_MATH__=1 -D__ATOMIC_HLE_RELEASE=131072 -D__PTRDIFF_MAX__=0x7fffffffffffffffL -D__amd64=1 -D__ATOMIC_HLE_ACQUIRE=65536 -D__FLT32_HAS_QUIET_NAN__=1 -D__LONG_LONG_MAX__=0x7fffffffffffffffLL -D__SIZEOF_SIZE_T__=8 -D__cpp_nsdmi=200809 '-D__FLT64X_MIN_EXP__=(-16381)' -D__SIZEOF_WINT_T__=4 -D__LONG_LONG_WIDTH__=64 -D__cpp_initializer_lists=200806 -D__FLT32_MAX_EXP__=128 -D__cpp_hex_float=201603 -D__GCC_HAVE_DWARF2_CFI_ASM=1 -D__GXX_ABI_VERSION=1013 -D__FLT128_HAS_INFINITY__=1 '-D__FLT_MIN_EXP__=(-125)' -D__cpp_lambdas=200907 -D__FLT64X_HAS_QUIET_NAN__=1 '-D__INT_FAST64_TYPE__=long int' -D__FLT64_DENORM_MIN__=4.94065645841246544176568792868221372e-324F64 '-D__DBL_MIN__=double(2.22507385850720138309023271733240406e-308L)' -D__PIE__=2 -D__LP64__=1 -D__FLT32X_EPSILON__=2.22044604925031308084726333618164062e-16F32x -D__DECIMAL_BID_FORMAT__=1 '-D__FLT64_MIN_10_EXP__=(-307)' -D__FLT64X_DECIMAL_DIG__=21 -D__DEC128_MIN__=1E-6143DL -D__REGISTER_PREFIX__= -D__UINT16_MAX__=0xffff -D__FLT32_MIN__=1.17549435082228750796873653722224568e-38F32 '-D__UINT8_TYPE__=unsigned char' -D__NO_INLINE__=1 -D__FLT_MANT_DIG__=24 -D__LDBL_DECIMAL_DIG__=21 '-D__UINT64_C(c)=c ## UL' -D__cpp_unicode_characters=200704 -D_STDC_PREDEF_H=1 -D__cpp_decltype_auto=201304 -D__GCC_ATOMIC_INT_LOCK_FREE=2 -D__FLT128_MAX_EXP__=16384 -D__FLT32_MANT_DIG__=24 -D__FLOAT_WORD_ORDER__=__ORDER_LITTLE_ENDIAN__ -D__STDC_IEC_559_COMPLEX__=1 -D__FLT128_HAS_DENORM__=1 -D__FLT128_DIG__=33 -D__SCHAR_WIDTH__=8 '-D__INT32_C(c)=c' -D__DEC64_EPSILON__=1E-15DD -D__ORDER_PDP_ENDIAN__=3412 '-D__DEC128_MIN_EXP__=(-6142)' -D__FLT32_MAX_10_EXP__=38 '-D__INT_FAST32_TYPE__=long int' '-D__UINT_LEAST16_TYPE__=short unsigned int' -D__FLT64X_HAS_INFINITY__=1 -Dunix=1 -D__DBL_HAS_DENORM__=1 -D__INT16_MAX__=0x7fff -D__cpp_rtti=199711 '-D__SIZE_TYPE__=long unsigned int' -D__UINT64_MAX__=0xffffffffffffffffUL -D__FLT64X_DIG__=18 '-D__INT8_TYPE__=signed char' -D__cpp_digit_separators=201309 -D__ELF__=1 -D__GCC_ASM_FLAG_OUTPUTS__=1 -D__FLT_RADIX__=2 '-D__INT_LEAST16_TYPE__=short int' -D__LDBL_EPSILON__=1.08420217248550443400745280086994171e-19L '-D__UINTMAX_C(c)=c ## UL' -D__GLIBCXX_BITSIZE_INT_N_0=128 -D__k8=1 -D__SIG_ATOMIC_MAX__=0x7fffffff -D__GCC_ATOMIC_WCHAR_T_LOCK_FREE=2 -D__SIZEOF_PTRDIFF_T__=8 -D__FLT32X_MANT_DIG__=53 -D__x86_64__=1 '-D__FLT32X_MIN_EXP__=(-1021)' -D__DEC32_SUBNORMAL_MIN__=0.000001E-95DF -D__INT_FAST16_MAX__=0x7fffffffffffffffL -D__FLT64_DIG__=15 -D__UINT_FAST32_MAX__=0xffffffffffffffffUL '-D__UINT_LEAST64_TYPE__=long unsigned int' -D__FLT_HAS_QUIET_NAN__=1 -D__FLT_MAX_10_EXP__=38 -D__LONG_MAX__=0x7fffffffffffffffL -D__FLT64X_HAS_DENORM__=1 -D__DEC128_SUBNORMAL_MIN__=0.000000000000000000000000000000001E-6143DL -D__FLT_HAS_INFINITY__=1 -D__cpp_unicode_literals=200710 '-D__UINT_FAST16_TYPE__=long unsigned int' -D__DEC64_MAX__=9.999999999999999E384DD -D__INT_FAST32_WIDTH__=64 -D__PRAGMA_REDEFINE_EXTNAME=1 -D__SIZE_WIDTH__=64 -D__SEG_FS=1 -D__INT_LEAST16_MAX__=0x7fff -D__DEC64_MANT_DIG__=16 -D__INT64_MAX__=0x7fffffffffffffffL -D__UINT_LEAST32_MAX__=0xffffffffU -D__SEG_GS=1 -D__FLT32_DENORM_MIN__=1.40129846432481707092372958328991613e-45F32 -D__GCC_ATOMIC_LONG_LOCK_FREE=2 -D__SIG_ATOMIC_WIDTH__=32 '-D__INT_LEAST64_TYPE__=long int' '-D__INT16_TYPE__=short int' '-D__INT_LEAST8_TYPE__=signed char' -D__DEC32_MAX_EXP__=97 -D__INT_FAST8_MAX__=0x7f '-D__FLT128_MAX__=1.18973149535723176508575932662800702e+4932F128' -D__INTPTR_MAX__=0x7fffffffffffffffL -D__cpp_sized_deallocation=201309 -Dlinux=1 -D__cpp_range_based_for=200907 -D__FLT64_HAS_QUIET_NAN__=1 '-D__FLT32_MIN_10_EXP__=(-37)' -D__SSE2__=1 -D__EXCEPTIONS=1 -D__LDBL_MANT_DIG__=64 -D__DBL_HAS_QUIET_NAN__=1 -D__FLT64_HAS_INFINITY__=1 '-D__FLT64X_MAX__=1.18973149535723176502126385303097021e+4932F64x' '-D__SIG_ATOMIC_MIN__=(-__SIG_ATOMIC_MAX__ - 1)' -D__code_model_small__=1 -D__cpp_return_type_deduction=201304 -D__k8__=1 '-D__INTPTR_TYPE__=long int' '-D__UINT16_TYPE__=short unsigned int' -D__WCHAR_TYPE__=int -D__SIZEOF_FLOAT__=4 -D__pic__=2 -D__UINTPTR_MAX__=0xffffffffffffffffUL -D__INT_FAST64_WIDTH__=64 '-D__DEC64_MIN_EXP__=(-382)' -D__cpp_decltype=200707 -D__FLT32_DECIMAL_DIG__=9 -D__INT_FAST64_MAX__=0x7fffffffffffffffL -D__GCC_ATOMIC_TEST_AND_SET_TRUEVAL=1 -D__FLT_DIG__=6 -D__FLT64X_MAX_EXP__=16384 '-D__UINT_FAST64_TYPE__=long unsigned int' -D__INT_MAX__=0x7fffffff -D__amd64__=1 '-D__INT64_TYPE__=long int' -D__FLT_MAX_EXP__=128 -D__ORDER_BIG_ENDIAN__=4321 -D__DBL_MANT_DIG__=53 -D__cpp_inheriting_constructors=201511 -D__SIZEOF_FLOAT128__=16 -D__INT_LEAST64_MAX__=0x7fffffffffffffffL -D__DEC64_MIN__=1E-383DD '-D__WINT_TYPE__=unsigned int' '-D__UINT_LEAST32_TYPE__=unsigned int' -D__SIZEOF_SHORT__=2 -D__SSE__=1 '-D__LDBL_MIN_EXP__=(-16381)' '-D__FLT64_MAX__=1.79769313486231570814527423731704357e+308F64' -D__WINT_WIDTH__=32 -D__INT_LEAST8_MAX__=0x7f -D__FLT32X_MAX_10_EXP__=308 -D__SIZEOF_INT128__=16 -D__LDBL_MAX_10_EXP__=4932 -D__ATOMIC_RELAXED=0 '-D__DBL_EPSILON__=double(2.22044604925031308084726333618164062e-16L)' -D__FLT128_MIN__=3.36210314311209350626267781732175260e-4932F128 -D_LP64=1 '-D__UINT8_C(c)=c' -D__FLT64_MAX_EXP__=1024 -D__INT_LEAST32_TYPE__=int -D__SIZEOF_WCHAR_T__=4 -D__FLT128_HAS_QUIET_NAN__=1 '-D__INT_FAST8_TYPE__=signed char' -D__FLT64X_MIN__=3.36210314311209350626267781732175260e-4932F64x -D__FLT64_HAS_DENORM__=1 -D__FLT32_EPSILON__=1.19209289550781250000000000000000000e-7F32 -D__DBL_DECIMAL_DIG__=17 -D__STDC_UTF_32__=1 -D__INT_FAST8_WIDTH__=8 -D__FXSR__=1 -D__DEC_EVAL_METHOD__=2 '-D__FLT32X_MAX__=1.79769313486231570814527423731704357e+308F32x' -D__cpp_runtime_arrays=198712 '-D__UINT64_TYPE__=long unsigned int' '-D__UINT32_C(c)=c ## U' -D__INTMAX_MAX__=0x7fffffffffffffffL -D__cpp_alias_templates=200704 -D__BYTE_ORDER__=__ORDER_LITTLE_ENDIAN__ -D__FLT_DENORM_MIN__=1.40129846432481707092372958328991613e-45F -D__INT8_MAX__=0x7f -D__LONG_WIDTH__=64 -D__PIC__=2 '-D__UINT_FAST32_TYPE__=long unsigned int' '-D__FLT_MAX__=3.40282346638528859811704183484516925e+38F' -D__cpp_constexpr=201304 -D__INT32_TYPE__=int -D__SIZEOF_DOUBLE__=8 -D__cpp_exceptions=199711 '-D__FLT_MIN_10_EXP__=(-37)' -D__FLT64_MIN__=2.22507385850720138309023271733240406e-308F64 -D__INT_LEAST32_WIDTH__=32 '-D__INTMAX_TYPE__=long int' -D__DEC128_MAX_EXP__=6145 -D__FLT32X_HAS_QUIET_NAN__=1 -D__ATOMIC_CONSUME=1 -D__GLIBCXX_TYPE_INT_N_0=__int128 -D__INT_FAST16_WIDTH__=64 -D__UINTMAX_MAX__=0xffffffffffffffffUL -D__DEC32_MANT_DIG__=7 -D__FLT32X_DENORM_MIN__=4.94065645841246544176568792868221372e-324F32x -D__DBL_MAX_10_EXP__=308 -D__LDBL_DENORM_MIN__=3.64519953188247460252840593361941982e-4951L '-D__INT16_C(c)=c' -D__cpp_generic_lambdas=201304 -D__FLT32X_DIG__=15 '-D__PTRDIFF_TYPE__=long int' -D__ATOMIC_SEQ_CST=5 '-D__UINT32_TYPE__=unsigned int' '-D__FLT32X_MIN_10_EXP__=(-307)' '-D__UINTPTR_TYPE__=long unsigned int' -D__DEC64_SUBNORMAL_MIN__=0.000000000000001E-383DD -D__DEC128_MANT_DIG__=34 '-D__LDBL_MIN_10_EXP__=(-4931)' -D__FLT128_EPSILON__=1.92592994438723585305597794258492732e-34F128 -D__SSE_MATH__=1 -D__SIZEOF_LONG_LONG__=8 -D__cpp_user_defined_literals=200809 -D__FLT128_DECIMAL_DIG__=36 -D__GCC_ATOMIC_LLONG_LOCK_FREE=2 -D__FLT32X_MIN__=2.22507385850720138309023271733240406e-308F32x -D__LDBL_DIG__=18 -D__FLT_DECIMAL_DIG__=9 -D__UINT_FAST16_MAX__=0xffffffffffffffffUL -D__GCC_ATOMIC_SHORT_LOCK_FREE=2 -D__INT_LEAST64_WIDTH__=64 '-D__UINT_FAST8_TYPE__=unsigned char' -D__cpp_init_captures=201304 -D__ATOMIC_ACQ_REL=4 -D__ATOMIC_RELEASE=3 -D_GNU_SOURCE '-I/usr/include/c++/9' '-I/usr/include/x86_64-linux-gnu/c++/9' '-I/usr/include/c++/9/backward' -I/usr/lib/gcc/x86_64-linux-gnu/9/include -I/usr/local/include -I/usr/include/x86_64-linux-gnu -I/usr/include -- main.cpp
[E 17:29:04 67312] CODEQL_EXTRACTOR_CPP_TRAP_CACHING is not set
[E 17:29:04 67312] CODEQL_EXTRACTOR_CPP_OPTION_TRAP_CACHE_WRITE is not set
[E 17:29:04 67312] CODEQL_EXTRACTOR_CPP_OPTION_TRAP_CACHE_DIR is not set
[E 17:29:04 67312] Initialising TRAP cache at path: 82/d313/132ed62f2142b37cc8aa8e2a114f
[E 17:29:04 67312] Not using TRAP cache
[E 17:29:04 67312] TRAP cache miss
[E 17:29:04 67312] Starting compilation TRAP /home/vegas/SAST/cpp-database/trap/cpp/compilations/27/22391718_0.trap.zst
[E 17:29:04 67312] Archiving /home/vegas/SAST/cpp-database/src/home/vegas/SAST/main.cpp
[E 17:29:04 67312] Archiving /home/vegas/SAST/cpp-database/src/usr/include/c++/9/iostream
[E 17:29:04 67312] Archiving /home/vegas/SAST/cpp-database/src/usr/include/x86_64-linux-gnu/c++/9/bits/c++config.h
[E 17:29:04 67312] Archiving /home/vegas/SAST/cpp-database/src/usr/include/x86_64-linux-gnu/c++/9/bits/os_defines.h
[E 17:29:04 67312] Archiving /home/vegas/SAST/cpp-database/src/usr/include/features.h
[E 17:29:04 67312] Archiving /home/vegas/SAST/cpp-database/src/usr/include/stdc-predef.h
[E 17:29:04 67312] Archiving /home/vegas/SAST/cpp-database/src/usr/include/x86_64-linux-gnu/sys/cdefs.h
[E 17:29:04 67312] Archiving /home/vegas/SAST/cpp-database/src/usr/include/x86_64-linux-gnu/bits/wordsize.h
[E 17:29:04 67312] Archiving /home/vegas/SAST/cpp-database/src/usr/include/x86_64-linux-gnu/bits/long-double.h
[E 17:29:04 67312] Archiving /home/vegas/SAST/cpp-database/src/usr/include/x86_64-linux-gnu/gnu/stubs.h
[E 17:29:04 67312] Archiving /home/vegas/SAST/cpp-database/src/usr/include/x86_64-linux-gnu/gnu/stubs-64.h
[E 17:29:04 67312] Archiving /home/vegas/SAST/cpp-database/src/usr/include/x86_64-linux-gnu/c++/9/bits/cpu_defines.h
[E 17:29:04 67312] Archiving /home/vegas/SAST/cpp-database/src/usr/include/c++/9/ostream
[E 17:29:04 67312] Archiving /home/vegas/SAST/cpp-database/src/usr/include/c++/9/ios
[E 17:29:04 67312] Archiving /home/vegas/SAST/cpp-database/src/usr/include/c++/9/iosfwd
[E 17:29:04 67312] Archiving /home/vegas/SAST/cpp-database/src/usr/include/c++/9/bits/stringfwd.h
[E 17:29:04 67312] Archiving /home/vegas/SAST/cpp-database/src/usr/include/c++/9/bits/memoryfwd.h
[E 17:29:04 67312] Archiving /home/vegas/SAST/cpp-database/src/usr/include/c++/9/bits/postypes.h
[E 17:29:04 67312] Archiving /home/vegas/SAST/cpp-database/src/usr/include/c++/9/cwchar
[E 17:29:04 67312] Archiving /home/vegas/SAST/cpp-database/src/usr/include/wchar.h
[E 17:29:04 67312] Archiving /home/vegas/SAST/cpp-database/src/usr/include/x86_64-linux-gnu/bits/libc-header-start.h
[E 17:29:04 67312] Archiving /home/vegas/SAST/cpp-database/src/usr/include/x86_64-linux-gnu/bits/floatn.h
[E 17:29:04 67312] Archiving /home/vegas/SAST/cpp-database/src/usr/include/x86_64-linux-gnu/bits/floatn-common.h
[E 17:29:04 67312] Already archived /home/vegas/SAST/cpp-database/src/usr/include/x86_64-linux-gnu/bits/long-double.h
[E 17:29:04 67312] Archiving /home/vegas/SAST/cpp-database/src/usr/lib/gcc/x86_64-linux-gnu/9/include/stddef.h
[E 17:29:04 67312] Archiving /home/vegas/SAST/cpp-database/src/usr/lib/gcc/x86_64-linux-gnu/9/include/stdarg.h
[E 17:29:04 67312] Archiving /home/vegas/SAST/cpp-database/src/usr/include/x86_64-linux-gnu/bits/wchar.h
[E 17:29:04 67312] Archiving /home/vegas/SAST/cpp-database/src/usr/include/x86_64-linux-gnu/bits/types/wint_t.h
[E 17:29:04 67312] Archiving /home/vegas/SAST/cpp-database/src/usr/include/x86_64-linux-gnu/bits/types/mbstate_t.h
[E 17:29:04 67312] Archiving /home/vegas/SAST/cpp-database/src/usr/include/x86_64-linux-gnu/bits/types/__mbstate_t.h
[E 17:29:04 67312] Archiving /home/vegas/SAST/cpp-database/src/usr/include/x86_64-linux-gnu/bits/types/__FILE.h
[E 17:29:04 67312] Archiving /home/vegas/SAST/cpp-database/src/usr/include/x86_64-linux-gnu/bits/types/FILE.h
[E 17:29:04 67312] Archiving /home/vegas/SAST/cpp-database/src/usr/include/x86_64-linux-gnu/bits/types/locale_t.h
[E 17:29:04 67312] Archiving /home/vegas/SAST/cpp-database/src/usr/include/x86_64-linux-gnu/bits/types/__locale_t.h
[E 17:29:04 67312] Archiving /home/vegas/SAST/cpp-database/src/usr/include/c++/9/exception
[E 17:29:04 67312] Archiving /home/vegas/SAST/cpp-database/src/usr/include/c++/9/bits/exception.h
[E 17:29:04 67312] Archiving /home/vegas/SAST/cpp-database/src/usr/include/c++/9/bits/exception_ptr.h
[E 17:29:04 67312] Archiving /home/vegas/SAST/cpp-database/src/usr/include/c++/9/bits/exception_defines.h
[E 17:29:04 67312] Archiving /home/vegas/SAST/cpp-database/src/usr/include/c++/9/bits/cxxabi_init_exception.h
[E 17:29:04 67312] Already archived /home/vegas/SAST/cpp-database/src/usr/lib/gcc/x86_64-linux-gnu/9/include/stddef.h
[E 17:29:04 67312] Archiving /home/vegas/SAST/cpp-database/src/usr/include/c++/9/typeinfo
[E 17:29:04 67312] Archiving /home/vegas/SAST/cpp-database/src/usr/include/c++/9/bits/hash_bytes.h
[E 17:29:04 67312] Archiving /home/vegas/SAST/cpp-database/src/usr/include/c++/9/new
[E 17:29:04 67312] Already archived /home/vegas/SAST/cpp-database/src/usr/include/c++/9/exception
[E 17:29:04 67312] Archiving /home/vegas/SAST/cpp-database/src/usr/include/c++/9/bits/nested_exception.h
[E 17:29:04 67312] Archiving /home/vegas/SAST/cpp-database/src/usr/include/c++/9/bits/move.h
[E 17:29:04 67312] Archiving /home/vegas/SAST/cpp-database/src/usr/include/c++/9/bits/concept_check.h
[E 17:29:04 67312] Archiving /home/vegas/SAST/cpp-database/src/usr/include/c++/9/type_traits
[E 17:29:04 67312] Archiving /home/vegas/SAST/cpp-database/src/usr/include/c++/9/bits/char_traits.h
[E 17:29:04 67312] Archiving /home/vegas/SAST/cpp-database/src/usr/include/c++/9/bits/stl_algobase.h
[E 17:29:04 67312] Archiving /home/vegas/SAST/cpp-database/src/usr/include/c++/9/bits/functexcept.h
[E 17:29:04 67312] Archiving /home/vegas/SAST/cpp-database/src/usr/include/c++/9/bits/cpp_type_traits.h
[E 17:29:04 67312] Archiving /home/vegas/SAST/cpp-database/src/usr/include/c++/9/ext/type_traits.h
[E 17:29:04 67312] Archiving /home/vegas/SAST/cpp-database/src/usr/include/c++/9/ext/numeric_traits.h
[E 17:29:04 67312] Archiving /home/vegas/SAST/cpp-database/src/usr/include/c++/9/bits/stl_pair.h
[E 17:29:04 67312] Archiving /home/vegas/SAST/cpp-database/src/usr/include/c++/9/bits/stl_iterator_base_types.h
[E 17:29:04 67312] Archiving /home/vegas/SAST/cpp-database/src/usr/include/c++/9/bits/stl_iterator_base_funcs.h
[E 17:29:04 67312] Archiving /home/vegas/SAST/cpp-database/src/usr/include/c++/9/debug/assertions.h
[E 17:29:04 67312] Archiving /home/vegas/SAST/cpp-database/src/usr/include/c++/9/bits/stl_iterator.h
[E 17:29:04 67312] Archiving /home/vegas/SAST/cpp-database/src/usr/include/c++/9/bits/ptr_traits.h
[E 17:29:04 67312] Archiving /home/vegas/SAST/cpp-database/src/usr/include/c++/9/debug/debug.h
[E 17:29:04 67312] Archiving /home/vegas/SAST/cpp-database/src/usr/include/c++/9/bits/predefined_ops.h
[E 17:29:04 67312] Already archived /home/vegas/SAST/cpp-database/src/usr/include/c++/9/cwchar
[E 17:29:04 67312] Archiving /home/vegas/SAST/cpp-database/src/usr/include/c++/9/cstdint
[E 17:29:04 67312] Archiving /home/vegas/SAST/cpp-database/src/usr/lib/gcc/x86_64-linux-gnu/9/include/stdint.h
[E 17:29:04 67312] Archiving /home/vegas/SAST/cpp-database/src/usr/include/stdint.h
[E 17:29:04 67312] Already archived /home/vegas/SAST/cpp-database/src/usr/include/x86_64-linux-gnu/bits/libc-header-start.h
[E 17:29:04 67312] Archiving /home/vegas/SAST/cpp-database/src/usr/include/x86_64-linux-gnu/bits/types.h
[E 17:29:04 67312] Already archived /home/vegas/SAST/cpp-database/src/usr/include/x86_64-linux-gnu/bits/wordsize.h
[E 17:29:04 67312] Archiving /home/vegas/SAST/cpp-database/src/usr/include/x86_64-linux-gnu/bits/timesize.h
[E 17:29:04 67312] Archiving /home/vegas/SAST/cpp-database/src/usr/include/x86_64-linux-gnu/bits/typesizes.h
[E 17:29:04 67312] Archiving /home/vegas/SAST/cpp-database/src/usr/include/x86_64-linux-gnu/bits/time64.h
[E 17:29:04 67312] Already archived /home/vegas/SAST/cpp-database/src/usr/include/x86_64-linux-gnu/bits/wordsize.h
[E 17:29:04 67312] Archiving /home/vegas/SAST/cpp-database/src/usr/include/x86_64-linux-gnu/bits/stdint-intn.h
[E 17:29:04 67312] Archiving /home/vegas/SAST/cpp-database/src/usr/include/x86_64-linux-gnu/bits/stdint-uintn.h
[E 17:29:04 67312] Archiving /home/vegas/SAST/cpp-database/src/usr/include/c++/9/bits/localefwd.h
[E 17:29:04 67312] Archiving /home/vegas/SAST/cpp-database/src/usr/include/x86_64-linux-gnu/c++/9/bits/c++locale.h
[E 17:29:04 67312] Archiving /home/vegas/SAST/cpp-database/src/usr/include/c++/9/clocale
[E 17:29:04 67312] Archiving /home/vegas/SAST/cpp-database/src/usr/include/locale.h
[E 17:29:04 67312] Already archived /home/vegas/SAST/cpp-database/src/usr/lib/gcc/x86_64-linux-gnu/9/include/stddef.h
[E 17:29:04 67312] Archiving /home/vegas/SAST/cpp-database/src/usr/include/x86_64-linux-gnu/bits/locale.h
[E 17:29:04 67312] Archiving /home/vegas/SAST/cpp-database/src/usr/include/c++/9/cctype
[E 17:29:04 67312] Archiving /home/vegas/SAST/cpp-database/src/usr/include/ctype.h
[E 17:29:04 67312] Archiving /home/vegas/SAST/cpp-database/src/usr/include/x86_64-linux-gnu/bits/endian.h
[E 17:29:04 67312] Archiving /home/vegas/SAST/cpp-database/src/usr/include/x86_64-linux-gnu/bits/endianness.h
[E 17:29:04 67312] Archiving /home/vegas/SAST/cpp-database/src/usr/include/c++/9/bits/ios_base.h
[E 17:29:04 67312] Archiving /home/vegas/SAST/cpp-database/src/usr/include/c++/9/ext/atomicity.h
[E 17:29:04 67312] Archiving /home/vegas/SAST/cpp-database/src/usr/include/x86_64-linux-gnu/c++/9/bits/gthr.h
[E 17:29:04 67312] Archiving /home/vegas/SAST/cpp-database/src/usr/include/x86_64-linux-gnu/c++/9/bits/gthr-default.h
[E 17:29:04 67312] Archiving /home/vegas/SAST/cpp-database/src/usr/include/pthread.h
[E 17:29:04 67312] Archiving /home/vegas/SAST/cpp-database/src/usr/include/sched.h
[E 17:29:04 67312] Already archived /home/vegas/SAST/cpp-database/src/usr/lib/gcc/x86_64-linux-gnu/9/include/stddef.h
[E 17:29:04 67312] Archiving /home/vegas/SAST/cpp-database/src/usr/include/x86_64-linux-gnu/bits/types/time_t.h
[E 17:29:04 67312] Archiving /home/vegas/SAST/cpp-database/src/usr/include/x86_64-linux-gnu/bits/types/struct_timespec.h
[E 17:29:04 67312] Archiving /home/vegas/SAST/cpp-database/src/usr/include/x86_64-linux-gnu/bits/sched.h
[E 17:29:04 67312] Archiving /home/vegas/SAST/cpp-database/src/usr/include/x86_64-linux-gnu/bits/types/struct_sched_param.h
[E 17:29:04 67312] Archiving /home/vegas/SAST/cpp-database/src/usr/include/x86_64-linux-gnu/bits/cpu-set.h
[E 17:29:04 67312] Archiving /home/vegas/SAST/cpp-database/src/usr/include/time.h
[E 17:29:04 67312] Already archived /home/vegas/SAST/cpp-database/src/usr/lib/gcc/x86_64-linux-gnu/9/include/stddef.h
[E 17:29:04 67312] Archiving /home/vegas/SAST/cpp-database/src/usr/include/x86_64-linux-gnu/bits/time.h
[E 17:29:04 67312] Archiving /home/vegas/SAST/cpp-database/src/usr/include/x86_64-linux-gnu/bits/timex.h
[E 17:29:04 67312] Archiving /home/vegas/SAST/cpp-database/src/usr/include/x86_64-linux-gnu/bits/types/struct_timeval.h
[E 17:29:04 67312] Archiving /home/vegas/SAST/cpp-database/src/usr/include/x86_64-linux-gnu/bits/types/clock_t.h
[E 17:29:04 67312] Archiving /home/vegas/SAST/cpp-database/src/usr/include/x86_64-linux-gnu/bits/types/struct_tm.h
[E 17:29:04 67312] Archiving /home/vegas/SAST/cpp-database/src/usr/include/x86_64-linux-gnu/bits/types/clockid_t.h
[E 17:29:04 67312] Archiving /home/vegas/SAST/cpp-database/src/usr/include/x86_64-linux-gnu/bits/types/timer_t.h
[E 17:29:04 67312] Archiving /home/vegas/SAST/cpp-database/src/usr/include/x86_64-linux-gnu/bits/types/struct_itimerspec.h
[E 17:29:04 67312] Archiving /home/vegas/SAST/cpp-database/src/usr/include/x86_64-linux-gnu/bits/pthreadtypes.h
[E 17:29:04 67312] Archiving /home/vegas/SAST/cpp-database/src/usr/include/x86_64-linux-gnu/bits/thread-shared-types.h
[E 17:29:04 67312] Archiving /home/vegas/SAST/cpp-database/src/usr/include/x86_64-linux-gnu/bits/pthreadtypes-arch.h
[E 17:29:04 67312] Already archived /home/vegas/SAST/cpp-database/src/usr/include/x86_64-linux-gnu/bits/wordsize.h
[E 17:29:04 67312] Archiving /home/vegas/SAST/cpp-database/src/usr/include/x86_64-linux-gnu/bits/struct_mutex.h
[E 17:29:04 67312] Archiving /home/vegas/SAST/cpp-database/src/usr/include/x86_64-linux-gnu/bits/struct_rwlock.h
[E 17:29:04 67312] Archiving /home/vegas/SAST/cpp-database/src/usr/include/x86_64-linux-gnu/bits/setjmp.h
[E 17:29:04 67312] Already archived /home/vegas/SAST/cpp-database/src/usr/include/x86_64-linux-gnu/bits/wordsize.h
[E 17:29:04 67312] Already archived /home/vegas/SAST/cpp-database/src/usr/include/x86_64-linux-gnu/bits/wordsize.h
[E 17:29:04 67312] Archiving /home/vegas/SAST/cpp-database/src/usr/include/x86_64-linux-gnu/c++/9/bits/atomic_word.h
[E 17:29:04 67312] Archiving /home/vegas/SAST/cpp-database/src/usr/include/c++/9/bits/locale_classes.h
[E 17:29:04 67312] Archiving /home/vegas/SAST/cpp-database/src/usr/include/c++/9/string
[E 17:29:04 67312] Archiving /home/vegas/SAST/cpp-database/src/usr/include/c++/9/bits/allocator.h
[E 17:29:04 67312] Archiving /home/vegas/SAST/cpp-database/src/usr/include/x86_64-linux-gnu/c++/9/bits/c++allocator.h
[E 17:29:04 67312] Archiving /home/vegas/SAST/cpp-database/src/usr/include/c++/9/ext/new_allocator.h
[E 17:29:04 67312] Archiving /home/vegas/SAST/cpp-database/src/usr/include/c++/9/bits/ostream_insert.h
[E 17:29:04 67312] Archiving /home/vegas/SAST/cpp-database/src/usr/include/c++/9/bits/cxxabi_forced.h
[E 17:29:04 67312] Archiving /home/vegas/SAST/cpp-database/src/usr/include/c++/9/bits/stl_function.h
[E 17:29:04 67312] Archiving /home/vegas/SAST/cpp-database/src/usr/include/c++/9/backward/binders.h
[E 17:29:04 67312] Archiving /home/vegas/SAST/cpp-database/src/usr/include/c++/9/bits/range_access.h
[E 17:29:04 67312] Archiving /home/vegas/SAST/cpp-database/src/usr/include/c++/9/initializer_list
[E 17:29:04 67312] Archiving /home/vegas/SAST/cpp-database/src/usr/include/c++/9/bits/basic_string.h
[E 17:29:04 67312] Archiving /home/vegas/SAST/cpp-database/src/usr/include/c++/9/ext/alloc_traits.h
[E 17:29:04 67312] Archiving /home/vegas/SAST/cpp-database/src/usr/include/c++/9/bits/alloc_traits.h
[E 17:29:04 67312] Archiving /home/vegas/SAST/cpp-database/src/usr/include/c++/9/ext/string_conversions.h
[E 17:29:04 67312] Archiving /home/vegas/SAST/cpp-database/src/usr/include/c++/9/cstdlib
[E 17:29:04 67312] Archiving /home/vegas/SAST/cpp-database/src/usr/include/stdlib.h
[E 17:29:04 67312] Already archived /home/vegas/SAST/cpp-database/src/usr/include/x86_64-linux-gnu/bits/libc-header-start.h
[E 17:29:04 67312] Already archived /home/vegas/SAST/cpp-database/src/usr/lib/gcc/x86_64-linux-gnu/9/include/stddef.h
[E 17:29:04 67312] Archiving /home/vegas/SAST/cpp-database/src/usr/include/x86_64-linux-gnu/bits/waitflags.h
[E 17:29:04 67312] Archiving /home/vegas/SAST/cpp-database/src/usr/include/x86_64-linux-gnu/bits/waitstatus.h
[E 17:29:04 67312] Archiving /home/vegas/SAST/cpp-database/src/usr/include/x86_64-linux-gnu/sys/types.h
[E 17:29:04 67312] Already archived /home/vegas/SAST/cpp-database/src/usr/lib/gcc/x86_64-linux-gnu/9/include/stddef.h
[E 17:29:04 67312] Archiving /home/vegas/SAST/cpp-database/src/usr/include/endian.h
[E 17:29:04 67312] Archiving /home/vegas/SAST/cpp-database/src/usr/include/x86_64-linux-gnu/bits/byteswap.h
[E 17:29:04 67312] Archiving /home/vegas/SAST/cpp-database/src/usr/include/x86_64-linux-gnu/bits/uintn-identity.h
[E 17:29:04 67312] Archiving /home/vegas/SAST/cpp-database/src/usr/include/x86_64-linux-gnu/sys/select.h
[E 17:29:04 67312] Archiving /home/vegas/SAST/cpp-database/src/usr/include/x86_64-linux-gnu/bits/select.h
[E 17:29:04 67312] Already archived /home/vegas/SAST/cpp-database/src/usr/include/x86_64-linux-gnu/bits/wordsize.h
[E 17:29:04 67312] Archiving /home/vegas/SAST/cpp-database/src/usr/include/x86_64-linux-gnu/bits/types/sigset_t.h
[E 17:29:04 67312] Archiving /home/vegas/SAST/cpp-database/src/usr/include/x86_64-linux-gnu/bits/types/__sigset_t.h
[E 17:29:04 67312] Archiving /home/vegas/SAST/cpp-database/src/usr/include/alloca.h
[E 17:29:04 67312] Already archived /home/vegas/SAST/cpp-database/src/usr/lib/gcc/x86_64-linux-gnu/9/include/stddef.h
[E 17:29:04 67312] Archiving /home/vegas/SAST/cpp-database/src/usr/include/x86_64-linux-gnu/bits/stdlib-float.h
[E 17:29:04 67312] Archiving /home/vegas/SAST/cpp-database/src/usr/include/c++/9/bits/std_abs.h
[E 17:29:04 67312] Already archived /home/vegas/SAST/cpp-database/src/usr/include/c++/9/cwchar
[E 17:29:04 67312] Archiving /home/vegas/SAST/cpp-database/src/usr/include/c++/9/cstdio
[E 17:29:04 67312] Archiving /home/vegas/SAST/cpp-database/src/usr/include/stdio.h
[E 17:29:04 67312] Already archived /home/vegas/SAST/cpp-database/src/usr/include/x86_64-linux-gnu/bits/libc-header-start.h
[E 17:29:04 67312] Already archived /home/vegas/SAST/cpp-database/src/usr/lib/gcc/x86_64-linux-gnu/9/include/stddef.h
[E 17:29:04 67312] Already archived /home/vegas/SAST/cpp-database/src/usr/lib/gcc/x86_64-linux-gnu/9/include/stdarg.h
[E 17:29:04 67312] Archiving /home/vegas/SAST/cpp-database/src/usr/include/x86_64-linux-gnu/bits/types/__fpos_t.h
[E 17:29:04 67312] Archiving /home/vegas/SAST/cpp-database/src/usr/include/x86_64-linux-gnu/bits/types/__fpos64_t.h
[E 17:29:04 67312] Archiving /home/vegas/SAST/cpp-database/src/usr/include/x86_64-linux-gnu/bits/types/struct_FILE.h
[E 17:29:04 67312] Archiving /home/vegas/SAST/cpp-database/src/usr/include/x86_64-linux-gnu/bits/types/cookie_io_functions_t.h
[E 17:29:04 67312] Archiving /home/vegas/SAST/cpp-database/src/usr/include/x86_64-linux-gnu/bits/stdio_lim.h
[E 17:29:04 67312] Archiving /home/vegas/SAST/cpp-database/src/usr/include/x86_64-linux-gnu/bits/sys_errlist.h
[E 17:29:04 67312] Archiving /home/vegas/SAST/cpp-database/src/usr/include/c++/9/cerrno
[E 17:29:04 67312] Archiving /home/vegas/SAST/cpp-database/src/usr/include/errno.h
[E 17:29:04 67312] Archiving /home/vegas/SAST/cpp-database/src/usr/include/x86_64-linux-gnu/bits/errno.h
[E 17:29:04 67312] Archiving /home/vegas/SAST/cpp-database/src/usr/include/linux/errno.h
[E 17:29:04 67312] Archiving /home/vegas/SAST/cpp-database/src/usr/include/x86_64-linux-gnu/asm/errno.h
[E 17:29:04 67312] Archiving /home/vegas/SAST/cpp-database/src/usr/include/asm-generic/errno.h
[E 17:29:04 67312] Archiving /home/vegas/SAST/cpp-database/src/usr/include/asm-generic/errno-base.h
[E 17:29:04 67312] Archiving /home/vegas/SAST/cpp-database/src/usr/include/x86_64-linux-gnu/bits/types/error_t.h
[E 17:29:04 67312] Archiving /home/vegas/SAST/cpp-database/src/usr/include/c++/9/bits/functional_hash.h
[E 17:29:04 67312] Archiving /home/vegas/SAST/cpp-database/src/usr/include/c++/9/bits/basic_string.tcc
[E 17:29:04 67312] Archiving /home/vegas/SAST/cpp-database/src/usr/include/c++/9/bits/locale_classes.tcc
[E 17:29:04 67312] Archiving /home/vegas/SAST/cpp-database/src/usr/include/c++/9/system_error
[E 17:29:04 67312] Archiving /home/vegas/SAST/cpp-database/src/usr/include/x86_64-linux-gnu/c++/9/bits/error_constants.h
[E 17:29:04 67312] Already archived /home/vegas/SAST/cpp-database/src/usr/include/c++/9/cerrno
[E 17:29:04 67312] Archiving /home/vegas/SAST/cpp-database/src/usr/include/c++/9/stdexcept
[E 17:29:04 67312] Archiving /home/vegas/SAST/cpp-database/src/usr/include/c++/9/streambuf
[E 17:29:04 67312] Archiving /home/vegas/SAST/cpp-database/src/usr/include/c++/9/bits/streambuf.tcc
[E 17:29:04 67312] Archiving /home/vegas/SAST/cpp-database/src/usr/include/c++/9/bits/basic_ios.h
[E 17:29:04 67312] Archiving /home/vegas/SAST/cpp-database/src/usr/include/c++/9/bits/locale_facets.h
[E 17:29:04 67312] Archiving /home/vegas/SAST/cpp-database/src/usr/include/c++/9/cwctype
[E 17:29:04 67312] Archiving /home/vegas/SAST/cpp-database/src/usr/include/wctype.h
[E 17:29:04 67312] Archiving /home/vegas/SAST/cpp-database/src/usr/include/x86_64-linux-gnu/bits/wctype-wchar.h
[E 17:29:04 67312] Already archived /home/vegas/SAST/cpp-database/src/usr/include/c++/9/cctype
[E 17:29:04 67312] Archiving /home/vegas/SAST/cpp-database/src/usr/include/x86_64-linux-gnu/c++/9/bits/ctype_base.h
[E 17:29:04 67312] Archiving /home/vegas/SAST/cpp-database/src/usr/include/c++/9/bits/streambuf_iterator.h
[E 17:29:04 67312] Archiving /home/vegas/SAST/cpp-database/src/usr/include/x86_64-linux-gnu/c++/9/bits/ctype_inline.h
[E 17:29:04 67312] Archiving /home/vegas/SAST/cpp-database/src/usr/include/c++/9/bits/locale_facets.tcc
[E 17:29:04 67312] Archiving /home/vegas/SAST/cpp-database/src/usr/include/c++/9/bits/basic_ios.tcc
[E 17:29:04 67312] Archiving /home/vegas/SAST/cpp-database/src/usr/include/c++/9/bits/ostream.tcc
[E 17:29:04 67312] Archiving /home/vegas/SAST/cpp-database/src/usr/include/c++/9/istream
[E 17:29:04 67312] Archiving /home/vegas/SAST/cpp-database/src/usr/include/c++/9/bits/istream.tcc
[E 17:29:04 67312] Creating trap tarball /home/vegas/SAST/cpp-database/trap/cpp/tarballs/home/vegas/SAST/main.cpp.70c24e24_0.trap.tar.zst
[E 17:29:04 67312] Emitting trap files for main.cpp
[E 17:29:05 67312] Opening existencedb in /home/vegas/SAST/cpp-database/working/existencedb/db
[E 17:29:05 67312] Warning[extractor-c++]: In add_macro_expansion: Affecting macros went backwards: 926 > 0.
[E 17:29:05 67312] Warning[extractor-c++]: In add_macro_expansion: Affecting macros went backwards: 926 > 0.
[E 17:29:05 67312] Wrote 2471 files to /home/vegas/SAST/cpp-database/trap/cpp/tarballs/home/vegas/SAST/main.cpp.70c24e24_0.trap.tar.zst
[E 17:29:05 67312] Finished compilation TRAP /home/vegas/SAST/cpp-database/trap/cpp/compilations/27/22391718_0.trap.zst
[E 17:29:05 67312] Marking C compilation as happened.
[E 17:29:05 67312] Setting tag c-compilation-happened
[E 17:29:05 67312] Starting from CODEQL_TRACER_DB_ID 00000000000106ED_0000000000000001
[E 17:29:05 67312] Locking DB /home/vegas/SAST/cpp-database/working/tags.db
[E 17:29:05 67312] Locked DB /home/vegas/SAST/cpp-database/working/tags.db
[E 17:29:05 67312] Set tag for 00000000000106ED_0000000000000001
[E 17:29:05 67312] Set tag for 00000000000106EB_0000000000000001
[E 17:29:05 67312] Set tag for 00000000000106E8_0000000000000003
[E 17:29:05 67312] Set tag for 00000000000106E8_0000000000000002
[E 17:29:05 67312] Set tag for root
[E 17:29:05 67312] Unlocking DB
[E 17:29:05 67312] Unlocked DB
[E 17:29:05 67312] Extractor exited successfully
[T 15:29:05 67309] Extractor /home/vegas/codeql-bundle-linux64/codeql/cpp/tools/linux64/extractor terminated with exit code 0.
[T 15:29:05 67352] Initializing tracer.
[T 15:29:05 67352] Initializing tags.
[T 15:29:05 67352] ID set to 0000000000010718_0000000000000001 (parent 00000000000106EB_0000000000000001)
[T 15:29:05 67352] ==== Candidate to intercept: as (canonical: /usr/bin/as) ====
[T 15:29:05 67352] Lua: === Intercepted call to /usr/bin/as ===
[T 15:29:05 67352] Executing the following tracer actions:
[T 15:29:05 67352] Tracer actions:
[T 15:29:05 67352] pre_invocations(0)
[T 15:29:05 67352] post_invocations(1)
[T 15:29:05 67352] invocation: /home/vegas/codeql-bundle-linux64/codeql/cpp/tools/linux64/extractor, args: [--assembler, --codeql-assembler-executable, /usr/bin/as, --64, -o, /tmp/ccgGsMaI.o, /tmp/ccJ7CfLI.s]
[T 15:29:05 67352] trace_languages(1): [cpp]
[T 15:29:05 67354] Attempting to switch stdout/stderr to 4...
[T 15:29:05 67354] Initializing tracer.
[T 15:29:05 67354] Initializing tags.
[T 15:29:05 67354] ID set to 000000000001071A_0000000000000001 (parent 0000000000010718_0000000000000001)
[E 17:29:05 67354] CodeQL C/C++ Extractor 2.17.5
[E 17:29:05 67354] Current directory: /home/vegas/SAST
[E 17:29:05 67354] Command: /home/vegas/codeql-bundle-linux64/codeql/cpp/tools/linux64/extractor --assembler --codeql-assembler-executable /usr/bin/as --64 -o /tmp/ccgGsMaI.o /tmp/ccJ7CfLI.s
[E 17:29:05 67354] Extractor exited after mimicking assembler
[T 15:29:05 67352] Extractor /home/vegas/codeql-bundle-linux64/codeql/cpp/tools/linux64/extractor terminated with exit code 0.
[T 15:29:05 67355] Initializing tracer.
[T 15:29:05 67355] Initializing tags.
[T 15:29:05 67355] ID set to 000000000001071B_0000000000000001 (parent 00000000000106EB_0000000000000001)
[T 15:29:05 67355] ==== Candidate to intercept: /usr/lib/gcc/x86_64-linux-gnu/9/collect2 (canonical: /usr/lib/gcc/x86_64-linux-gnu/9/collect2) ====
[T 15:29:05 67355] Lua: === Intercepted call to /usr/lib/gcc/x86_64-linux-gnu/9/collect2 ===
[T 15:29:05 67355] Executing the following tracer actions:
[T 15:29:05 67355] Tracer actions:
[T 15:29:05 67355] pre_invocations(0)
[T 15:29:05 67355] post_invocations(1)
[T 15:29:05 67355] invocation: /home/vegas/codeql-bundle-linux64/codeql/cpp/tools/linux64/extractor, args: [--linker, --semmle-linker-executable, /usr/lib/gcc/x86_64-linux-gnu/9/collect2, -plugin, /usr/lib/gcc/x86_64-linux-gnu/9/liblto_plugin.so, -plugin-opt=/usr/lib/gcc/x86_64-linux-gnu/9/lto-wrapper, -plugin-opt=-fresolution=/tmp/ccwc87MH.res, -plugin-opt=-pass-through=-lgcc_s, -plugin-opt=-pass-through=-lgcc, -plugin-opt=-pass-through=-lc, -plugin-opt=-pass-through=-lgcc_s, -plugin-opt=-pass-through=-lgcc, --build-id, --eh-frame-hdr, -m, elf_x86_64, --hash-style=gnu, --as-needed, -dynamic-linker, /lib64/ld-linux-x86-64.so.2, -pie, -z, now, -z, relro, -o, main, /usr/lib/gcc/x86_64-linux-gnu/9/../../../x86_64-linux-gnu/Scrt1.o, /usr/lib/gcc/x86_64-linux-gnu/9/../../../x86_64-linux-gnu/crti.o, /usr/lib/gcc/x86_64-linux-gnu/9/crtbeginS.o, -L/usr/lib/gcc/x86_64-linux-gnu/9, -L/usr/lib/gcc/x86_64-linux-gnu/9/../../../x86_64-linux-gnu, -L/usr/lib/gcc/x86_64-linux-gnu/9/../../../../lib, -L/lib/x86_64-linux-gnu, -L/lib/../lib, -L/usr/lib/x86_64-linux-gnu, -L/usr/lib/../lib, -L/usr/lib/gcc/x86_64-linux-gnu/9/../../.., /tmp/ccgGsMaI.o, -lstdc++, -lm, -lgcc_s, -lgcc, -lc, -lgcc_s, -lgcc, /usr/lib/gcc/x86_64-linux-gnu/9/crtendS.o, /usr/lib/gcc/x86_64-linux-gnu/9/../../../x86_64-linux-gnu/crtn.o]
[T 15:29:05 67355] trace_languages(1): [cpp]
[T 15:29:05 67357] Initializing tracer.
[T 15:29:05 67357] Initializing tags.
[T 15:29:05 67357] ID set to 000000000001071D_0000000000000001 (parent 000000000001071B_0000000000000001)
[T 15:29:05 67357] ==== Candidate to intercept: /usr/bin/ld (canonical: /usr/bin/x86_64-linux-gnu-ld.bfd) ====
[T 15:29:05 67357] Lua: === Intercepted call to /usr/bin/x86_64-linux-gnu-ld.bfd ===
[T 15:29:05 67357] Executing the following tracer actions:
[T 15:29:05 67357] Tracer actions:
[T 15:29:05 67357] pre_invocations(0)
[T 15:29:05 67357] post_invocations(1)
[T 15:29:05 67357] invocation: /home/vegas/codeql-bundle-linux64/codeql/cpp/tools/linux64/extractor, args: [--linker, --semmle-linker-executable, /usr/bin/x86_64-linux-gnu-ld.bfd, -plugin, /usr/lib/gcc/x86_64-linux-gnu/9/liblto_plugin.so, -plugin-opt=/usr/lib/gcc/x86_64-linux-gnu/9/lto-wrapper, -plugin-opt=-fresolution=/tmp/ccwc87MH.res, -plugin-opt=-pass-through=-lgcc_s, -plugin-opt=-pass-through=-lgcc, -plugin-opt=-pass-through=-lc, -plugin-opt=-pass-through=-lgcc_s, -plugin-opt=-pass-through=-lgcc, --build-id, --eh-frame-hdr, -m, elf_x86_64, --hash-style=gnu, --as-needed, -dynamic-linker, /lib64/ld-linux-x86-64.so.2, -pie, -z, now, -z, relro, -o, main, /usr/lib/gcc/x86_64-linux-gnu/9/../../../x86_64-linux-gnu/Scrt1.o, /usr/lib/gcc/x86_64-linux-gnu/9/../../../x86_64-linux-gnu/crti.o, /usr/lib/gcc/x86_64-linux-gnu/9/crtbeginS.o, -L/usr/lib/gcc/x86_64-linux-gnu/9, -L/usr/lib/gcc/x86_64-linux-gnu/9/../../../x86_64-linux-gnu, -L/usr/lib/gcc/x86_64-linux-gnu/9/../../../../lib, -L/lib/x86_64-linux-gnu, -L/lib/../lib, -L/usr/lib/x86_64-linux-gnu, -L/usr/lib/../lib, -L/usr/lib/gcc/x86_64-linux-gnu/9/../../.., /tmp/ccgGsMaI.o, -lstdc++, -lm, -lgcc_s, -lgcc, -lc, -lgcc_s, -lgcc, /usr/lib/gcc/x86_64-linux-gnu/9/crtendS.o, /usr/lib/gcc/x86_64-linux-gnu/9/../../../x86_64-linux-gnu/crtn.o]
[T 15:29:05 67357] trace_languages(1): [cpp]
[T 15:29:05 67359] Attempting to switch stdout/stderr to 4...
[T 15:29:05 67359] Initializing tracer.
[T 15:29:05 67359] Initializing tags.
[T 15:29:05 67359] ID set to 000000000001071F_0000000000000001 (parent 000000000001071D_0000000000000001)
[E 17:29:05 67359] CodeQL C/C++ Extractor 2.17.5
[E 17:29:05 67359] Current directory: /home/vegas/SAST
[E 17:29:05 67359] Command: /home/vegas/codeql-bundle-linux64/codeql/cpp/tools/linux64/extractor --linker --semmle-linker-executable /usr/bin/x86_64-linux-gnu-ld.bfd -plugin /usr/lib/gcc/x86_64-linux-gnu/9/liblto_plugin.so -plugin-opt=/usr/lib/gcc/x86_64-linux-gnu/9/lto-wrapper -plugin-opt=-fresolution=/tmp/ccwc87MH.res -plugin-opt=-pass-through=-lgcc_s -plugin-opt=-pass-through=-lgcc -plugin-opt=-pass-through=-lc -plugin-opt=-pass-through=-lgcc_s -plugin-opt=-pass-through=-lgcc --build-id --eh-frame-hdr -m elf_x86_64 --hash-style=gnu --as-needed -dynamic-linker /lib64/ld-linux-x86-64.so.2 -pie -z now -z relro -o main /usr/lib/gcc/x86_64-linux-gnu/9/../../../x86_64-linux-gnu/Scrt1.o /usr/lib/gcc/x86_64-linux-gnu/9/../../../x86_64-linux-gnu/crti.o /usr/lib/gcc/x86_64-linux-gnu/9/crtbeginS.o -L/usr/lib/gcc/x86_64-linux-gnu/9 -L/usr/lib/gcc/x86_64-linux-gnu/9/../../../x86_64-linux-gnu -L/usr/lib/gcc/x86_64-linux-gnu/9/../../../../lib -L/lib/x86_64-linux-gnu -L/lib/../lib -L/usr/lib/x86_64-linux-gnu -L/usr/lib/../lib -L/usr/lib/gcc/x86_64-linux-gnu/9/../../.. /tmp/ccgGsMaI.o '-lstdc++' -lm -lgcc_s -lgcc -lc -lgcc_s -lgcc /usr/lib/gcc/x86_64-linux-gnu/9/crtendS.o /usr/lib/gcc/x86_64-linux-gnu/9/../../../x86_64-linux-gnu/crtn.o
[E 17:29:05 67359] Extractor exited after mimicking linker
[T 15:29:05 67357] Extractor /home/vegas/codeql-bundle-linux64/codeql/cpp/tools/linux64/extractor terminated with exit code 0.
[T 15:29:05 67360] Attempting to switch stdout/stderr to 4...
[T 15:29:05 67360] Initializing tracer.
[T 15:29:05 67360] Initializing tags.
[T 15:29:05 67360] ID set to 0000000000010720_0000000000000001 (parent 000000000001071B_0000000000000001)
[E 17:29:05 67360] CodeQL C/C++ Extractor 2.17.5
[E 17:29:05 67360] Current directory: /home/vegas/SAST
[E 17:29:05 67360] Command: /home/vegas/codeql-bundle-linux64/codeql/cpp/tools/linux64/extractor --linker --semmle-linker-executable /usr/lib/gcc/x86_64-linux-gnu/9/collect2 -plugin /usr/lib/gcc/x86_64-linux-gnu/9/liblto_plugin.so -plugin-opt=/usr/lib/gcc/x86_64-linux-gnu/9/lto-wrapper -plugin-opt=-fresolution=/tmp/ccwc87MH.res -plugin-opt=-pass-through=-lgcc_s -plugin-opt=-pass-through=-lgcc -plugin-opt=-pass-through=-lc -plugin-opt=-pass-through=-lgcc_s -plugin-opt=-pass-through=-lgcc --build-id --eh-frame-hdr -m elf_x86_64 --hash-style=gnu --as-needed -dynamic-linker /lib64/ld-linux-x86-64.so.2 -pie -z now -z relro -o main /usr/lib/gcc/x86_64-linux-gnu/9/../../../x86_64-linux-gnu/Scrt1.o /usr/lib/gcc/x86_64-linux-gnu/9/../../../x86_64-linux-gnu/crti.o /usr/lib/gcc/x86_64-linux-gnu/9/crtbeginS.o -L/usr/lib/gcc/x86_64-linux-gnu/9 -L/usr/lib/gcc/x86_64-linux-gnu/9/../../../x86_64-linux-gnu -L/usr/lib/gcc/x86_64-linux-gnu/9/../../../../lib -L/lib/x86_64-linux-gnu -L/lib/../lib -L/usr/lib/x86_64-linux-gnu -L/usr/lib/../lib -L/usr/lib/gcc/x86_64-linux-gnu/9/../../.. /tmp/ccgGsMaI.o '-lstdc++' -lm -lgcc_s -lgcc -lc -lgcc_s -lgcc /usr/lib/gcc/x86_64-linux-gnu/9/crtendS.o /usr/lib/gcc/x86_64-linux-gnu/9/../../../x86_64-linux-gnu/crtn.o
Error: Could not write to source/home/vegas/SAST/main.trap.zst.
[E 17:29:05 67360] Extractor exited after mimicking linker
[T 15:29:05 67355] Extractor /home/vegas/codeql-bundle-linux64/codeql/cpp/tools/linux64/extractor terminated with exit code 0.
[T 15:29:05 67361] Attempting to switch stdout/stderr to 4...
[T 15:29:05 67361] Initializing tracer.
[T 15:29:05 67361] Initializing tags.
[T 15:29:05 67361] ID set to 0000000000010721_0000000000000001 (parent 00000000000106EB_0000000000000001)
[E 17:29:05 67361] CodeQL C/C++ Extractor 2.17.5
[E 17:29:05 67361] Current directory: /home/vegas/SAST
[E 17:29:05 67361] Command: /home/vegas/codeql-bundle-linux64/codeql/cpp/tools/linux64/extractor --mimic '/usr/bin/g++' -o main main.cpp
Warning: Could not open file '/home/vegas/SAST/cpp-database/working/compiler_mimic_cache/8c8bf3a0be87'
Warning: Could not open file '/home/vegas/SAST/cpp-database/working/compiler_mimic_cache/2e11618c5c88'
[T 15:29:05 67362] Initializing tracer.
[T 15:29:05 67362] Initializing tags.
[T 15:29:05 67362] ID set to 0000000000010722_0000000000000001 (parent 0000000000010721_0000000000000001)
[T 15:29:05 67362] ==== Candidate to intercept: /usr/bin/g++ (canonical: /usr/bin/x86_64-linux-gnu-g++-9) ====
[T 15:29:05 67362] Lua: === Intercepted call to /usr/bin/x86_64-linux-gnu-g++-9 ===
[T 15:29:05 67362] Executing the following tracer actions:
[T 15:29:05 67362] Tracer actions:
[T 15:29:05 67362] pre_invocations(0)
[T 15:29:05 67362] post_invocations(1)
[T 15:29:05 67362] invocation: /home/vegas/codeql-bundle-linux64/codeql/cpp/tools/linux64/extractor, args: [--mimic, /usr/bin/x86_64-linux-gnu-g++-9, --version]
[T 15:29:05 67362] trace_languages(1): [cpp]
[T 15:29:05 67364] Attempting to switch stdout/stderr to 7...
[T 15:29:05 67364] Initializing tracer.
[T 15:29:05 67364] Initializing tags.
[T 15:29:05 67364] ID set to 0000000000010724_0000000000000001 (parent 0000000000010722_0000000000000001)
[E 17:29:05 67364] Mimicry classification suppression detected; exiting.
[E 17:29:05 67364] Extractor exited successfully
[T 15:29:05 67362] Extractor /home/vegas/codeql-bundle-linux64/codeql/cpp/tools/linux64/extractor terminated with exit code 0.
[T 15:29:05 67365] Initializing tracer.
[T 15:29:05 67365] Initializing tags.
[T 15:29:05 67365] ID set to 0000000000010725_0000000000000001 (parent 0000000000010721_0000000000000001)
[T 15:29:05 67365] ==== Candidate to intercept: /usr/bin/g++ (canonical: /usr/bin/x86_64-linux-gnu-g++-9) ====
[T 15:29:05 67365] Lua: === Intercepted call to /usr/bin/x86_64-linux-gnu-g++-9 ===
[T 15:29:05 67365] Executing the following tracer actions:
[T 15:29:05 67365] Tracer actions:
[T 15:29:05 67365] pre_invocations(0)
[T 15:29:05 67365] post_invocations(1)
[T 15:29:05 67365] invocation: /home/vegas/codeql-bundle-linux64/codeql/cpp/tools/linux64/extractor, args: [--mimic, /usr/bin/x86_64-linux-gnu-g++-9, --help]
[T 15:29:05 67365] trace_languages(1): [cpp]
[T 15:29:05 67367] Attempting to switch stdout/stderr to 7...
[T 15:29:05 67367] Initializing tracer.
[T 15:29:05 67367] Initializing tags.
[T 15:29:05 67367] ID set to 0000000000010727_0000000000000001 (parent 0000000000010725_0000000000000001)
[E 17:29:05 67367] Mimicry classification suppression detected; exiting.
[E 17:29:05 67367] Extractor exited successfully
[T 15:29:05 67365] Extractor /home/vegas/codeql-bundle-linux64/codeql/cpp/tools/linux64/extractor terminated with exit code 0.
[T 15:29:05 67368] Initializing tracer.
[T 15:29:05 67368] Initializing tags.
[T 15:29:05 67368] ID set to 0000000000010728_0000000000000001 (parent 0000000000010721_0000000000000001)
[T 15:29:05 67368] ==== Candidate to intercept: /usr/bin/g++ (canonical: /usr/bin/x86_64-linux-gnu-g++-9) ====
[T 15:29:05 67368] Lua: === Intercepted call to /usr/bin/x86_64-linux-gnu-g++-9 ===
[T 15:29:05 67368] Executing the following tracer actions:
[T 15:29:05 67368] Tracer actions:
[T 15:29:05 67368] pre_invocations(0)
[T 15:29:05 67368] post_invocations(1)
[T 15:29:05 67368] invocation: /home/vegas/codeql-bundle-linux64/codeql/cpp/tools/linux64/extractor, args: [--mimic, /usr/bin/x86_64-linux-gnu-g++-9, -nostdinc, -o, /home/vegas/SAST/cpp-database/working/tmp//semmle_2_67361_227394.o, -c, /home/vegas/SAST/cpp-database/working/tmp//semmle_1_67361_227381.c]
[T 15:29:05 67368] trace_languages(1): [cpp]
[T 15:29:05 67370] Initializing tracer.
[T 15:29:05 67370] Initializing tags.
[T 15:29:05 67370] ID set to 000000000001072A_0000000000000001 (parent 0000000000010728_0000000000000001)
[T 15:29:05 67370] ==== Candidate to intercept: /usr/lib/gcc/x86_64-linux-gnu/9/cc1plus (canonical: /usr/lib/gcc/x86_64-linux-gnu/9/cc1plus) ====
[T 15:29:05 67370] Lua: === Intercepted call to /usr/lib/gcc/x86_64-linux-gnu/9/cc1plus ===
[T 15:29:05 67370] Executing the following tracer actions:
[T 15:29:05 67370] Tracer actions:
[T 15:29:05 67370] pre_invocations(0)
[T 15:29:05 67370] post_invocations(1)
[T 15:29:05 67370] invocation: /home/vegas/codeql-bundle-linux64/codeql/cpp/tools/linux64/extractor, args: [--mimic, /usr/lib/gcc/x86_64-linux-gnu/9/cc1plus, -quiet, -nostdinc, -imultiarch, x86_64-linux-gnu, -D_GNU_SOURCE, /home/vegas/SAST/cpp-database/working/tmp//semmle_1_67361_227381.c, -quiet, -dumpbase, semmle_1_67361_227381.c, -mtune=generic, -march=x86-64, -auxbase-strip, /home/vegas/SAST/cpp-database/working/tmp//semmle_2_67361_227394.o, -fasynchronous-unwind-tables, -fstack-protector-strong, -Wformat, -Wformat-security, -fstack-clash-protection, -fcf-protection, -o, /tmp/ccWbGfZl.s]
[T 15:29:05 67370] trace_languages(1): [cpp]
[T 15:29:05 67372] Attempting to switch stdout/stderr to 7...
[T 15:29:05 67372] Initializing tracer.
[T 15:29:05 67372] Initializing tags.
[T 15:29:05 67372] ID set to 000000000001072C_0000000000000001 (parent 000000000001072A_0000000000000001)
[E 17:29:05 67372] Mimicry classification suppression detected; exiting.
[E 17:29:05 67372] Extractor exited successfully
[T 15:29:05 67370] Extractor /home/vegas/codeql-bundle-linux64/codeql/cpp/tools/linux64/extractor terminated with exit code 0.
[T 15:29:05 67373] Initializing tracer.
[T 15:29:05 67373] Initializing tags.
[T 15:29:05 67373] ID set to 000000000001072D_0000000000000001 (parent 0000000000010728_0000000000000001)
[T 15:29:05 67373] ==== Candidate to intercept: as (canonical: /usr/bin/as) ====
[T 15:29:05 67373] Lua: === Intercepted call to /usr/bin/as ===
[T 15:29:05 67373] Executing the following tracer actions:
[T 15:29:05 67373] Tracer actions:
[T 15:29:05 67373] pre_invocations(0)
[T 15:29:05 67373] post_invocations(1)
[T 15:29:05 67373] invocation: /home/vegas/codeql-bundle-linux64/codeql/cpp/tools/linux64/extractor, args: [--assembler, --codeql-assembler-executable, /usr/bin/as, --64, -o, /home/vegas/SAST/cpp-database/working/tmp//semmle_2_67361_227394.o, /tmp/ccWbGfZl.s]
[T 15:29:05 67373] trace_languages(1): [cpp]
[T 15:29:05 67375] Attempting to switch stdout/stderr to 7...
[T 15:29:05 67375] Initializing tracer.
[T 15:29:05 67375] Initializing tags.
[T 15:29:05 67375] ID set to 000000000001072F_0000000000000001 (parent 000000000001072D_0000000000000001)
[E 17:29:05 67375] Mimicry classification suppression detected; exiting.
[E 17:29:05 67375] Extractor exited successfully
[T 15:29:05 67373] Extractor /home/vegas/codeql-bundle-linux64/codeql/cpp/tools/linux64/extractor terminated with exit code 0.
[T 15:29:05 67376] Attempting to switch stdout/stderr to 7...
[T 15:29:05 67376] Initializing tracer.
[T 15:29:05 67376] Initializing tags.
[T 15:29:05 67376] ID set to 0000000000010730_0000000000000001 (parent 0000000000010728_0000000000000001)
[E 17:29:05 67376] Mimicry classification suppression detected; exiting.
[E 17:29:05 67376] Extractor exited successfully
[T 15:29:05 67368] Extractor /home/vegas/codeql-bundle-linux64/codeql/cpp/tools/linux64/extractor terminated with exit code 0.
[T 15:29:05 67377] Initializing tracer.
[T 15:29:05 67377] Initializing tags.
[T 15:29:05 67377] ID set to 0000000000010731_0000000000000001 (parent 0000000000010721_0000000000000001)
[T 15:29:05 67377] ==== Candidate to intercept: /usr/bin/g++ (canonical: /usr/bin/x86_64-linux-gnu-g++-9) ====
[T 15:29:05 67377] Lua: === Intercepted call to /usr/bin/x86_64-linux-gnu-g++-9 ===
[T 15:29:05 67377] Executing the following tracer actions:
[T 15:29:05 67377] Tracer actions:
[T 15:29:05 67377] pre_invocations(0)
[T 15:29:05 67377] post_invocations(1)
[T 15:29:05 67377] invocation: /home/vegas/codeql-bundle-linux64/codeql/cpp/tools/linux64/extractor, args: [--mimic, /usr/bin/x86_64-linux-gnu-g++-9, -nostdinc, -o, /home/vegas/SAST/cpp-database/working/tmp//semmle_2_67361_227394.o, -c, /home/vegas/SAST/cpp-database/working/tmp//semmle_1_67361_227381.c, -v, -iwithprefix, 80AD44EC-F542-4CCF-8C9F-328EB87D7D35]
[T 15:29:05 67377] trace_languages(1): [cpp]
[T 15:29:05 67379] Initializing tracer.
[T 15:29:05 67379] Initializing tags.
[T 15:29:05 67379] ID set to 0000000000010733_0000000000000001 (parent 0000000000010731_0000000000000001)
[T 15:29:05 67379] ==== Candidate to intercept: /usr/lib/gcc/x86_64-linux-gnu/9/cc1plus (canonical: /usr/lib/gcc/x86_64-linux-gnu/9/cc1plus) ====
[T 15:29:05 67379] Lua: === Intercepted call to /usr/lib/gcc/x86_64-linux-gnu/9/cc1plus ===
[T 15:29:05 67379] Executing the following tracer actions:
[T 15:29:05 67379] Tracer actions:
[T 15:29:05 67379] pre_invocations(0)
[T 15:29:05 67379] post_invocations(1)
[T 15:29:05 67379] invocation: /home/vegas/codeql-bundle-linux64/codeql/cpp/tools/linux64/extractor, args: [--mimic, /usr/lib/gcc/x86_64-linux-gnu/9/cc1plus, -quiet, -nostdinc, -v, -imultiarch, x86_64-linux-gnu, -D_GNU_SOURCE, -iwithprefix, 80AD44EC-F542-4CCF-8C9F-328EB87D7D35, /home/vegas/SAST/cpp-database/working/tmp//semmle_1_67361_227381.c, -quiet, -dumpbase, semmle_1_67361_227381.c, -mtune=generic, -march=x86-64, -auxbase-strip, /home/vegas/SAST/cpp-database/working/tmp//semmle_2_67361_227394.o, -version, -fasynchronous-unwind-tables, -fstack-protector-strong, -Wformat, -Wformat-security, -fstack-clash-protection, -fcf-protection, -o, /tmp/ccrOfPI1.s]
[T 15:29:05 67379] trace_languages(1): [cpp]
[T 15:29:05 67381] Attempting to switch stdout/stderr to 7...
[T 15:29:05 67381] Initializing tracer.
[T 15:29:05 67381] Initializing tags.
[T 15:29:05 67381] ID set to 0000000000010735_0000000000000001 (parent 0000000000010733_0000000000000001)
[E 17:29:05 67381] Mimicry classification suppression detected; exiting.
[E 17:29:05 67381] Extractor exited successfully
[T 15:29:05 67379] Extractor /home/vegas/codeql-bundle-linux64/codeql/cpp/tools/linux64/extractor terminated with exit code 0.
[T 15:29:05 67382] Initializing tracer.
[T 15:29:05 67382] Initializing tags.
[T 15:29:05 67382] ID set to 0000000000010736_0000000000000001 (parent 0000000000010731_0000000000000001)
[T 15:29:05 67382] ==== Candidate to intercept: as (canonical: /usr/bin/as) ====
[T 15:29:05 67382] Lua: === Intercepted call to /usr/bin/as ===
[T 15:29:05 67382] Executing the following tracer actions:
[T 15:29:05 67382] Tracer actions:
[T 15:29:05 67382] pre_invocations(0)
[T 15:29:05 67382] post_invocations(1)
[T 15:29:05 67382] invocation: /home/vegas/codeql-bundle-linux64/codeql/cpp/tools/linux64/extractor, args: [--assembler, --codeql-assembler-executable, /usr/bin/as, -v, --64, -o, /home/vegas/SAST/cpp-database/working/tmp//semmle_2_67361_227394.o, /tmp/ccrOfPI1.s]
[T 15:29:05 67382] trace_languages(1): [cpp]
[T 15:29:05 67384] Attempting to switch stdout/stderr to 7...
[T 15:29:05 67384] Initializing tracer.
[T 15:29:05 67384] Initializing tags.
[T 15:29:05 67384] ID set to 0000000000010738_0000000000000001 (parent 0000000000010736_0000000000000001)
[E 17:29:05 67384] Mimicry classification suppression detected; exiting.
[E 17:29:05 67384] Extractor exited successfully
[T 15:29:05 67382] Extractor /home/vegas/codeql-bundle-linux64/codeql/cpp/tools/linux64/extractor terminated with exit code 0.
[T 15:29:05 67385] Attempting to switch stdout/stderr to 7...
[T 15:29:05 67385] Initializing tracer.
[T 15:29:05 67385] Initializing tags.
[T 15:29:05 67385] ID set to 0000000000010739_0000000000000001 (parent 0000000000010731_0000000000000001)
[E 17:29:05 67385] Mimicry classification suppression detected; exiting.
[E 17:29:05 67385] Extractor exited successfully
[T 15:29:05 67377] Extractor /home/vegas/codeql-bundle-linux64/codeql/cpp/tools/linux64/extractor terminated with exit code 0.
[T 15:29:05 67386] Initializing tracer.
[T 15:29:05 67386] Initializing tags.
[T 15:29:05 67386] ID set to 000000000001073A_0000000000000001 (parent 0000000000010721_0000000000000001)
[T 15:29:05 67386] ==== Candidate to intercept: /usr/bin/g++ (canonical: /usr/bin/x86_64-linux-gnu-g++-9) ====
[T 15:29:05 67386] Lua: === Intercepted call to /usr/bin/x86_64-linux-gnu-g++-9 ===
[T 15:29:05 67386] Executing the following tracer actions:
[T 15:29:05 67386] Tracer actions:
[T 15:29:05 67386] pre_invocations(0)
[T 15:29:05 67386] post_invocations(1)
[T 15:29:05 67386] invocation: /home/vegas/codeql-bundle-linux64/codeql/cpp/tools/linux64/extractor, args: [--mimic, /usr/bin/x86_64-linux-gnu-g++-9, -nostdinc, -o, /home/vegas/SAST/cpp-database/working/tmp//semmle_4_67361_262059.o, -c, /home/vegas/SAST/cpp-database/working/tmp//semmle_3_67361_262050.c]
[T 15:29:05 67386] trace_languages(1): [cpp]
[T 15:29:05 67388] Initializing tracer.
[T 15:29:05 67388] Initializing tags.
[T 15:29:05 67388] ID set to 000000000001073C_0000000000000001 (parent 000000000001073A_0000000000000001)
[T 15:29:05 67388] ==== Candidate to intercept: /usr/lib/gcc/x86_64-linux-gnu/9/cc1plus (canonical: /usr/lib/gcc/x86_64-linux-gnu/9/cc1plus) ====
[T 15:29:05 67388] Lua: === Intercepted call to /usr/lib/gcc/x86_64-linux-gnu/9/cc1plus ===
[T 15:29:05 67388] Executing the following tracer actions:
[T 15:29:05 67388] Tracer actions:
[T 15:29:05 67388] pre_invocations(0)
[T 15:29:05 67388] post_invocations(1)
[T 15:29:05 67388] invocation: /home/vegas/codeql-bundle-linux64/codeql/cpp/tools/linux64/extractor, args: [--mimic, /usr/lib/gcc/x86_64-linux-gnu/9/cc1plus, -quiet, -nostdinc, -imultiarch, x86_64-linux-gnu, -D_GNU_SOURCE, /home/vegas/SAST/cpp-database/working/tmp//semmle_3_67361_262050.c, -quiet, -dumpbase, semmle_3_67361_262050.c, -mtune=generic, -march=x86-64, -auxbase-strip, /home/vegas/SAST/cpp-database/working/tmp//semmle_4_67361_262059.o, -fasynchronous-unwind-tables, -fstack-protector-strong, -Wformat, -Wformat-security, -fstack-clash-protection, -fcf-protection, -o, /tmp/ccd8RPgI.s]
[T 15:29:05 67388] trace_languages(1): [cpp]
[T 15:29:05 67390] Attempting to switch stdout/stderr to 7...
[T 15:29:05 67390] Initializing tracer.
[T 15:29:05 67390] Initializing tags.
[T 15:29:05 67390] ID set to 000000000001073E_0000000000000001 (parent 000000000001073C_0000000000000001)
[E 17:29:05 67390] Mimicry classification suppression detected; exiting.
[E 17:29:05 67390] Extractor exited successfully
[T 15:29:05 67388] Extractor /home/vegas/codeql-bundle-linux64/codeql/cpp/tools/linux64/extractor terminated with exit code 0.
[T 15:29:05 67391] Initializing tracer.
[T 15:29:05 67391] Initializing tags.
[T 15:29:05 67391] ID set to 000000000001073F_0000000000000001 (parent 000000000001073A_0000000000000001)
[T 15:29:05 67391] ==== Candidate to intercept: as (canonical: /usr/bin/as) ====
[T 15:29:05 67391] Lua: === Intercepted call to /usr/bin/as ===
[T 15:29:05 67391] Executing the following tracer actions:
[T 15:29:05 67391] Tracer actions:
[T 15:29:05 67391] pre_invocations(0)
[T 15:29:05 67391] post_invocations(1)
[T 15:29:05 67391] invocation: /home/vegas/codeql-bundle-linux64/codeql/cpp/tools/linux64/extractor, args: [--assembler, --codeql-assembler-executable, /usr/bin/as, --64, -o, /home/vegas/SAST/cpp-database/working/tmp//semmle_4_67361_262059.o, /tmp/ccd8RPgI.s]
[T 15:29:05 67391] trace_languages(1): [cpp]
[T 15:29:05 67393] Attempting to switch stdout/stderr to 7...
[T 15:29:05 67393] Initializing tracer.
[T 15:29:05 67393] Initializing tags.
[T 15:29:05 67393] ID set to 0000000000010741_0000000000000001 (parent 000000000001073F_0000000000000001)
[E 17:29:05 67393] Mimicry classification suppression detected; exiting.
[E 17:29:05 67393] Extractor exited successfully
[T 15:29:05 67391] Extractor /home/vegas/codeql-bundle-linux64/codeql/cpp/tools/linux64/extractor terminated with exit code 0.
[T 15:29:05 67394] Attempting to switch stdout/stderr to 7...
[T 15:29:05 67394] Initializing tracer.
[T 15:29:05 67394] Initializing tags.
[T 15:29:05 67394] ID set to 0000000000010742_0000000000000001 (parent 000000000001073A_0000000000000001)
[E 17:29:05 67394] Mimicry classification suppression detected; exiting.
[E 17:29:05 67394] Extractor exited successfully
[T 15:29:05 67386] Extractor /home/vegas/codeql-bundle-linux64/codeql/cpp/tools/linux64/extractor terminated with exit code 0.
[E 17:29:05 67361] Checking whether C compilation already happened.
[E 17:29:05 67361] Checking for tag c-compilation-happened
[E 17:29:05 67361] Checking CODEQL_TRACER_DB_ID 00000000000106EB_0000000000000001
[E 17:29:05 67361] Locking DB /home/vegas/SAST/cpp-database/working/tags.db
[E 17:29:05 67361] Locked DB /home/vegas/SAST/cpp-database/working/tags.db
[E 17:29:05 67361] Unlocking DB
[E 17:29:05 67361] Unlocked DB
[E 17:29:05 67361] Exiting as C compilation already happened.
[T 15:29:05 67307] Extractor /home/vegas/codeql-bundle-linux64/codeql/cpp/tools/linux64/extractor terminated with exit code 0.
